#
# There is insufficient memory for the Java Runtime Environment to continue.
# Native memory allocation (malloc) failed to allocate 2030528 bytes for Chunk::new
# Possible reasons:
#   The system is out of physical RAM or swap space
#   The process is running with CompressedOops enabled, and the Java Heap may be blocking the growth of the native heap
# Possible solutions:
#   Reduce memory load on the system
#   Increase physical memory or swap space
#   Check if swap backing store is full
#   Decrease Java heap size (-Xmx/-Xms)
#   Decrease number of Java threads
#   Decrease Java thread stack sizes (-Xss)
#   Set larger code cache with -XX:ReservedCodeCacheSize=
#   JVM is running with Unscaled Compressed Oops mode in which the Java heap is
#     placed in the first 4GB address space. The Java Heap base address is the
#     maximum limit for the native heap growth. Please use -XX:HeapBaseMinAddress
#     to set the Java Heap base and to place the Java Heap above 4GB virtual address.
# This output file may be truncated or incomplete.
#
#  Out of Memory Error (arena.cpp:184), pid=9900, tid=16592
#
# JRE version: OpenJDK Runtime Environment Corretto-19.0.2.7.1 (19.0.2+7) (build 19.0.2+7-FR)
# Java VM: OpenJDK 64-Bit Server VM Corretto-19.0.2.7.1 (19.0.2+7-FR, mixed mode, sharing, tiered, compressed oops, compressed class ptrs, g1 gc, windows-amd64)
# No core dump will be written. Minidumps are not enabled by default on client versions of Windows
#

---------------  S U M M A R Y ------------

Command Line: --add-opens=java.base/java.util=ALL-UNNAMED --add-opens=java.base/java.lang=ALL-UNNAMED --add-opens=java.base/java.lang.invoke=ALL-UNNAMED --add-opens=java.prefs/java.util.prefs=ALL-UNNAMED --add-opens=java.base/java.nio.charset=ALL-UNNAMED --add-opens=java.base/java.net=ALL-UNNAMED --add-opens=java.base/java.util.concurrent.atomic=ALL-UNNAMED -XX:MaxMetaspaceSize=384m -XX:+HeapDumpOnOutOfMemoryError -Xms256m -Xmx512m -Dfile.encoding=windows-1252 -Duser.country=GB -Duser.language=en -Duser.variant -javaagent:C:\Users\nurla\.gradle\wrapper\dists\gradle-8.7-bin\bhs2wmbdwecv87pi65oeuq5iu\gradle-8.7\lib\agents\gradle-instrumentation-agent-8.7.jar org.gradle.launcher.daemon.bootstrap.GradleDaemon 8.7

Host: Intel(R) Core(TM) i5-1035G1 CPU @ 1.00GHz, 8 cores, 7G,  Windows 11 , 64 bit Build 26100 (10.0.26100.4484)
Time: Sun Aug 10 13:48:45 2025 Azerbaijan Standard Time elapsed time: 4.846991 seconds (0d 0h 0m 4s)

---------------  T H R E A D  ---------------

Current thread (0x0000024bdc865130):  JavaThread "C2 CompilerThread1" daemon [_thread_in_native, id=16592, stack(0x0000007cb1a00000,0x0000007cb1b00000)]


Current CompileTask:
C2:   4847 2726       4       java.net.URLClassLoader$1::run (5 bytes)

Stack: [0x0000007cb1a00000,0x0000007cb1b00000]
Native frames: (J=compiled Java code, j=interpreted, Vv=VM code, C=native code)
V  [jvm.dll+0x6d034a]
V  [jvm.dll+0x880f10]
V  [jvm.dll+0x88289e]
V  [jvm.dll+0x882f43]
V  [jvm.dll+0x27b4bb]
V  [jvm.dll+0xdd792]
V  [jvm.dll+0xddb25]
V  [jvm.dll+0x3b4a5b]
V  [jvm.dll+0x37c86a]
V  [jvm.dll+0x37bc5a]
V  [jvm.dll+0x2470ef]
V  [jvm.dll+0x2465a7]
V  [jvm.dll+0x1d4bb7]
V  [jvm.dll+0x25558a]
V  [jvm.dll+0x2538d7]
V  [jvm.dll+0x8342bd]
V  [jvm.dll+0x82e2fa]
V  [jvm.dll+0x6cf0d3]
C  [ucrtbase.dll+0x37b0]
C  [KERNEL32.DLL+0x2e8d7]
C  [ntdll.dll+0x3c34c]


---------------  P R O C E S S  ---------------

Threads class SMR info:
_java_thread_list=0x0000024bde7abac0, length=26, elements={
0x0000024bbd479060, 0x0000024bdc819090, 0x0000024bdc819bc0, 0x0000024bdc81c700,
0x0000024bdc81f220, 0x0000024bdc821360, 0x0000024bdc822350, 0x0000024bdc83d4e0,
0x0000024bdc866d00, 0x0000024bdc821e00, 0x0000024bdc8228a0, 0x0000024bdc820370,
0x0000024bdc865130, 0x0000024bdc8208c0, 0x0000024bdc8218b0, 0x0000024bdc822df0,
0x0000024bdc820e10, 0x0000024bdc823340, 0x0000024bdc81fe20, 0x0000024bde5549e0,
0x0000024bde5569c0, 0x0000024bde554f30, 0x0000024bde556470, 0x0000024bde555480,
0x0000024bde5559d0, 0x0000024bde556f10
}

Java Threads: ( => current thread )
  0x0000024bbd479060 JavaThread "main" [_thread_blocked, id=6712, stack(0x0000007cb0700000,0x0000007cb0800000)]
  0x0000024bdc819090 JavaThread "Reference Handler" daemon [_thread_blocked, id=17300, stack(0x0000007cb0e00000,0x0000007cb0f00000)]
  0x0000024bdc819bc0 JavaThread "Finalizer" daemon [_thread_blocked, id=5104, stack(0x0000007cb0f00000,0x0000007cb1000000)]
  0x0000024bdc81c700 JavaThread "Signal Dispatcher" daemon [_thread_blocked, id=8688, stack(0x0000007cb1000000,0x0000007cb1100000)]
  0x0000024bdc81f220 JavaThread "Attach Listener" daemon [_thread_blocked, id=7556, stack(0x0000007cb1100000,0x0000007cb1200000)]
  0x0000024bdc821360 JavaThread "Service Thread" daemon [_thread_blocked, id=8292, stack(0x0000007cb1200000,0x0000007cb1300000)]
  0x0000024bdc822350 JavaThread "Monitor Deflation Thread" daemon [_thread_blocked, id=15392, stack(0x0000007cb1300000,0x0000007cb1400000)]
  0x0000024bdc83d4e0 JavaThread "C2 CompilerThread0" daemon [_thread_in_native, id=10568, stack(0x0000007cb1400000,0x0000007cb1500000)]
  0x0000024bdc866d00 JavaThread "C1 CompilerThread0" daemon [_thread_in_native, id=10124, stack(0x0000007cb1500000,0x0000007cb1600000)]
  0x0000024bdc821e00 JavaThread "Sweeper thread" daemon [_thread_blocked, id=8652, stack(0x0000007cb1600000,0x0000007cb1700000)]
  0x0000024bdc8228a0 JavaThread "Common-Cleaner" daemon [_thread_blocked, id=14692, stack(0x0000007cb1700000,0x0000007cb1800000)]
  0x0000024bdc820370 JavaThread "Notification Thread" daemon [_thread_blocked, id=10368, stack(0x0000007cb1800000,0x0000007cb1900000)]
=>0x0000024bdc865130 JavaThread "C2 CompilerThread1" daemon [_thread_in_native, id=16592, stack(0x0000007cb1a00000,0x0000007cb1b00000)]
  0x0000024bdc8208c0 JavaThread "Daemon health stats" [_thread_blocked, id=9040, stack(0x0000007cb1b00000,0x0000007cb1c00000)]
  0x0000024bdc8218b0 JavaThread "Incoming local TCP Connector on port 51405" [_thread_in_native, id=17388, stack(0x0000007cb2100000,0x0000007cb2200000)]
  0x0000024bdc822df0 JavaThread "Daemon periodic checks" [_thread_blocked, id=2076, stack(0x0000007cb2200000,0x0000007cb2300000)]
  0x0000024bdc820e10 JavaThread "Daemon" [_thread_blocked, id=6584, stack(0x0000007cb2300000,0x0000007cb2400000)]
  0x0000024bdc823340 JavaThread "Handler for socket connection from /127.0.0.1:51405 to /127.0.0.1:51406" [_thread_in_native, id=5976, stack(0x0000007cb2400000,0x0000007cb2500000)]
  0x0000024bdc81fe20 JavaThread "Cancel handler" [_thread_blocked, id=10044, stack(0x0000007cb2500000,0x0000007cb2600000)]
  0x0000024bde5549e0 JavaThread "Daemon worker" [_thread_in_native, id=8856, stack(0x0000007cb2600000,0x0000007cb2700000)]
  0x0000024bde5569c0 JavaThread "Asynchronous log dispatcher for DefaultDaemonConnection: socket connection from /127.0.0.1:51405 to /127.0.0.1:51406" [_thread_blocked, id=1908, stack(0x0000007cb2700000,0x0000007cb2800000)]
  0x0000024bde554f30 JavaThread "Stdin handler" [_thread_blocked, id=7436, stack(0x0000007cb2800000,0x0000007cb2900000)]
  0x0000024bde556470 JavaThread "Daemon client event forwarder" [_thread_blocked, id=5904, stack(0x0000007cb2900000,0x0000007cb2a00000)]
  0x0000024bde555480 JavaThread "Cache worker for journal cache (C:\Users\nurla\.gradle\caches\journal-1)" [_thread_blocked, id=1896, stack(0x0000007cb2a00000,0x0000007cb2b00000)]
  0x0000024bde5559d0 JavaThread "File lock request listener" [_thread_in_native, id=3988, stack(0x0000007cb2b00000,0x0000007cb2c00000)]
  0x0000024bde556f10 JavaThread "Cache worker for file hash cache (C:\Users\nurla\.gradle\caches\8.7\fileHashes)" [_thread_blocked, id=7200, stack(0x0000007cb2c00000,0x0000007cb2d00000)]

Other Threads:
  0x0000024bd870e160 VMThread "VM Thread" [stack: 0x0000007cb0d00000,0x0000007cb0e00000] [id=15044]
  0x0000024bbd47a070 WatcherThread "VM Periodic Task Thread" [stack: 0x0000007cb1900000,0x0000007cb1a00000] [id=16172]
  0x0000024bbd4ad980 WorkerThread "GC Thread#0" [stack: 0x0000007cb0800000,0x0000007cb0900000] [id=15632]
  0x0000024bdd5b2cd0 WorkerThread "GC Thread#1" [stack: 0x0000007cb1c00000,0x0000007cb1d00000] [id=9032]
  0x0000024bdd4cdec0 WorkerThread "GC Thread#2" [stack: 0x0000007cb1d00000,0x0000007cb1e00000] [id=10648]
  0x0000024bdd4ce190 WorkerThread "GC Thread#3" [stack: 0x0000007cb1e00000,0x0000007cb1f00000] [id=9332]
  0x0000024bdd219bf0 WorkerThread "GC Thread#4" [stack: 0x0000007cb1f00000,0x0000007cb2000000] [id=3396]
  0x0000024bdd219650 WorkerThread "GC Thread#5" [stack: 0x0000007cb2000000,0x0000007cb2100000] [id=3580]
  0x0000024bbd4b27f0 ConcurrentGCThread "G1 Main Marker" [stack: 0x0000007cb0900000,0x0000007cb0a00000] [id=13460]
  0x0000024bbd4b3fa0 WorkerThread "G1 Conc#0" [stack: 0x0000007cb0a00000,0x0000007cb0b00000] [id=8036]
  0x0000024bd85c7620 ConcurrentGCThread "G1 Refine#0" [stack: 0x0000007cb0b00000,0x0000007cb0c00000] [id=8500]
  0x0000024bd85c8e20 ConcurrentGCThread "G1 Service" [stack: 0x0000007cb0c00000,0x0000007cb0d00000] [id=11480]

Threads with active compile tasks:
C2 CompilerThread0     4877 2719   !   4       java.net.URLClassLoader::findClass (47 bytes)
C1 CompilerThread0     4877 2803       3       org.gradle.internal.service.DefaultServiceRegistry$OwnServices::instanceRealized (233 bytes)
C2 CompilerThread1     4877 2726       4       java.net.URLClassLoader$1::run (5 bytes)

VM state: not at safepoint (normal execution)

VM Mutex/Monitor currently owned by a thread: None

Heap address: 0x00000000e0000000, size: 512 MB, Compressed Oops mode: 32-bit

CDS archive(s) mapped at: [0x0000000800000000-0x0000000800c40000-0x0000000800c40000), size 12845056, SharedBaseAddress: 0x0000000800000000, ArchiveRelocationMode: 0.
Compressed class space mapped at: 0x0000000801000000-0x0000000814400000, reserved size: 322961408
Narrow klass base: 0x0000000800000000, Narrow klass shift: 0, Narrow klass range: 0x100000000

GC Precious Log:
 CardTable entry size: 512
 Card Set container configuration: InlinePtr #cards 5 size 8 Array Of Cards #cards 12 size 40 Howl #buckets 4 coarsen threshold 1843 Howl Bitmap #cards 512 size 80 coarsen threshold 460 Card regions per heap region 1 cards per card region 2048
 CPUs: 8 total, 8 available
 Memory: 7948M
 Large Page Support: Disabled
 NUMA Support: Disabled
 Compressed Oops: Enabled (32-bit)
 Heap Region Size: 1M
 Heap Min Capacity: 256M
 Heap Initial Capacity: 256M
 Heap Max Capacity: 512M
 Pre-touch: Disabled
 Parallel Workers: 8
 Concurrent Workers: 2
 Concurrent Refinement Workers: 8
 Periodic GC: Disabled

Heap:
 garbage-first heap   total 262144K, used 110917K [0x00000000e0000000, 0x0000000100000000)
  region size 1024K, 99 young (101376K), 1 survivors (1024K)
 Metaspace       used 19971K, committed 20544K, reserved 380928K
  class space    used 2808K, committed 3072K, reserved 315392K

Heap Regions: E=young(eden), S=young(survivor), O=old, HS=humongous(starts), HC=humongous(continues), CS=collection set, F=free, OA=open archive, CA=closed archive, TAMS=top-at-mark-start (previous, next)
|   0|0x00000000e0000000, 0x00000000e0100000, 0x00000000e0100000|100%|HS|  |TAMS 0x00000000e0000000, 0x00000000e0000000| Complete 
|   1|0x00000000e0100000, 0x00000000e0200000, 0x00000000e0200000|100%|HC|  |TAMS 0x00000000e0100000, 0x00000000e0100000| Complete 
|   2|0x00000000e0200000, 0x00000000e0300000, 0x00000000e0300000|100%|HC|  |TAMS 0x00000000e0200000, 0x00000000e0200000| Complete 
|   3|0x00000000e0300000, 0x00000000e0400000, 0x00000000e0400000|100%|HC|  |TAMS 0x00000000e0300000, 0x00000000e0300000| Complete 
|   4|0x00000000e0400000, 0x00000000e0500000, 0x00000000e0500000|100%| O|  |TAMS 0x00000000e0400000, 0x00000000e0400000| Untracked 
|   5|0x00000000e0500000, 0x00000000e0600000, 0x00000000e0600000|100%| O|  |TAMS 0x00000000e0500000, 0x00000000e0500000| Untracked 
|   6|0x00000000e0600000, 0x00000000e0700000, 0x00000000e0700000|100%| O|  |TAMS 0x00000000e0600000, 0x00000000e0600000| Untracked 
|   7|0x00000000e0700000, 0x00000000e0800000, 0x00000000e0800000|100%| O|  |TAMS 0x00000000e0700000, 0x00000000e0700000| Untracked 
|   8|0x00000000e0800000, 0x00000000e0900000, 0x00000000e0900000|100%| O|  |TAMS 0x00000000e0800000, 0x00000000e0800000| Untracked 
|   9|0x00000000e0900000, 0x00000000e0a00000, 0x00000000e0a00000|100%| O|  |TAMS 0x00000000e0900000, 0x00000000e0900000| Untracked 
|  10|0x00000000e0a00000, 0x00000000e0a86000, 0x00000000e0b00000| 52%| O|  |TAMS 0x00000000e0a00000, 0x00000000e0a00000| Untracked 
|  11|0x00000000e0b00000, 0x00000000e0c00000, 0x00000000e0c00000|100%|HS|  |TAMS 0x00000000e0b00000, 0x00000000e0b00000| Complete 
|  12|0x00000000e0c00000, 0x00000000e0c00000, 0x00000000e0d00000|  0%| F|  |TAMS 0x00000000e0c00000, 0x00000000e0c00000| Untracked 
|  13|0x00000000e0d00000, 0x00000000e0d00000, 0x00000000e0e00000|  0%| F|  |TAMS 0x00000000e0d00000, 0x00000000e0d00000| Untracked 
|  14|0x00000000e0e00000, 0x00000000e0e00000, 0x00000000e0f00000|  0%| F|  |TAMS 0x00000000e0e00000, 0x00000000e0e00000| Untracked 
|  15|0x00000000e0f00000, 0x00000000e0f00000, 0x00000000e1000000|  0%| F|  |TAMS 0x00000000e0f00000, 0x00000000e0f00000| Untracked 
|  16|0x00000000e1000000, 0x00000000e1000000, 0x00000000e1100000|  0%| F|  |TAMS 0x00000000e1000000, 0x00000000e1000000| Untracked 
|  17|0x00000000e1100000, 0x00000000e1100000, 0x00000000e1200000|  0%| F|  |TAMS 0x00000000e1100000, 0x00000000e1100000| Untracked 
|  18|0x00000000e1200000, 0x00000000e1200000, 0x00000000e1300000|  0%| F|  |TAMS 0x00000000e1200000, 0x00000000e1200000| Untracked 
|  19|0x00000000e1300000, 0x00000000e1300000, 0x00000000e1400000|  0%| F|  |TAMS 0x00000000e1300000, 0x00000000e1300000| Untracked 
|  20|0x00000000e1400000, 0x00000000e1400000, 0x00000000e1500000|  0%| F|  |TAMS 0x00000000e1400000, 0x00000000e1400000| Untracked 
|  21|0x00000000e1500000, 0x00000000e1500000, 0x00000000e1600000|  0%| F|  |TAMS 0x00000000e1500000, 0x00000000e1500000| Untracked 
|  22|0x00000000e1600000, 0x00000000e1600000, 0x00000000e1700000|  0%| F|  |TAMS 0x00000000e1600000, 0x00000000e1600000| Untracked 
|  23|0x00000000e1700000, 0x00000000e1700000, 0x00000000e1800000|  0%| F|  |TAMS 0x00000000e1700000, 0x00000000e1700000| Untracked 
|  24|0x00000000e1800000, 0x00000000e1800000, 0x00000000e1900000|  0%| F|  |TAMS 0x00000000e1800000, 0x00000000e1800000| Untracked 
|  25|0x00000000e1900000, 0x00000000e1900000, 0x00000000e1a00000|  0%| F|  |TAMS 0x00000000e1900000, 0x00000000e1900000| Untracked 
|  26|0x00000000e1a00000, 0x00000000e1a00000, 0x00000000e1b00000|  0%| F|  |TAMS 0x00000000e1a00000, 0x00000000e1a00000| Untracked 
|  27|0x00000000e1b00000, 0x00000000e1b00000, 0x00000000e1c00000|  0%| F|  |TAMS 0x00000000e1b00000, 0x00000000e1b00000| Untracked 
|  28|0x00000000e1c00000, 0x00000000e1c00000, 0x00000000e1d00000|  0%| F|  |TAMS 0x00000000e1c00000, 0x00000000e1c00000| Untracked 
|  29|0x00000000e1d00000, 0x00000000e1d00000, 0x00000000e1e00000|  0%| F|  |TAMS 0x00000000e1d00000, 0x00000000e1d00000| Untracked 
|  30|0x00000000e1e00000, 0x00000000e1e00000, 0x00000000e1f00000|  0%| F|  |TAMS 0x00000000e1e00000, 0x00000000e1e00000| Untracked 
|  31|0x00000000e1f00000, 0x00000000e1f00000, 0x00000000e2000000|  0%| F|  |TAMS 0x00000000e1f00000, 0x00000000e1f00000| Untracked 
|  32|0x00000000e2000000, 0x00000000e2000000, 0x00000000e2100000|  0%| F|  |TAMS 0x00000000e2000000, 0x00000000e2000000| Untracked 
|  33|0x00000000e2100000, 0x00000000e2100000, 0x00000000e2200000|  0%| F|  |TAMS 0x00000000e2100000, 0x00000000e2100000| Untracked 
|  34|0x00000000e2200000, 0x00000000e2200000, 0x00000000e2300000|  0%| F|  |TAMS 0x00000000e2200000, 0x00000000e2200000| Untracked 
|  35|0x00000000e2300000, 0x00000000e2300000, 0x00000000e2400000|  0%| F|  |TAMS 0x00000000e2300000, 0x00000000e2300000| Untracked 
|  36|0x00000000e2400000, 0x00000000e2400000, 0x00000000e2500000|  0%| F|  |TAMS 0x00000000e2400000, 0x00000000e2400000| Untracked 
|  37|0x00000000e2500000, 0x00000000e2500000, 0x00000000e2600000|  0%| F|  |TAMS 0x00000000e2500000, 0x00000000e2500000| Untracked 
|  38|0x00000000e2600000, 0x00000000e2600000, 0x00000000e2700000|  0%| F|  |TAMS 0x00000000e2600000, 0x00000000e2600000| Untracked 
|  39|0x00000000e2700000, 0x00000000e2700000, 0x00000000e2800000|  0%| F|  |TAMS 0x00000000e2700000, 0x00000000e2700000| Untracked 
|  40|0x00000000e2800000, 0x00000000e2800000, 0x00000000e2900000|  0%| F|  |TAMS 0x00000000e2800000, 0x00000000e2800000| Untracked 
|  41|0x00000000e2900000, 0x00000000e2900000, 0x00000000e2a00000|  0%| F|  |TAMS 0x00000000e2900000, 0x00000000e2900000| Untracked 
|  42|0x00000000e2a00000, 0x00000000e2a00000, 0x00000000e2b00000|  0%| F|  |TAMS 0x00000000e2a00000, 0x00000000e2a00000| Untracked 
|  43|0x00000000e2b00000, 0x00000000e2b00000, 0x00000000e2c00000|  0%| F|  |TAMS 0x00000000e2b00000, 0x00000000e2b00000| Untracked 
|  44|0x00000000e2c00000, 0x00000000e2c00000, 0x00000000e2d00000|  0%| F|  |TAMS 0x00000000e2c00000, 0x00000000e2c00000| Untracked 
|  45|0x00000000e2d00000, 0x00000000e2d00000, 0x00000000e2e00000|  0%| F|  |TAMS 0x00000000e2d00000, 0x00000000e2d00000| Untracked 
|  46|0x00000000e2e00000, 0x00000000e2e00000, 0x00000000e2f00000|  0%| F|  |TAMS 0x00000000e2e00000, 0x00000000e2e00000| Untracked 
|  47|0x00000000e2f00000, 0x00000000e2f00000, 0x00000000e3000000|  0%| F|  |TAMS 0x00000000e2f00000, 0x00000000e2f00000| Untracked 
|  48|0x00000000e3000000, 0x00000000e3000000, 0x00000000e3100000|  0%| F|  |TAMS 0x00000000e3000000, 0x00000000e3000000| Untracked 
|  49|0x00000000e3100000, 0x00000000e3100000, 0x00000000e3200000|  0%| F|  |TAMS 0x00000000e3100000, 0x00000000e3100000| Untracked 
|  50|0x00000000e3200000, 0x00000000e3200000, 0x00000000e3300000|  0%| F|  |TAMS 0x00000000e3200000, 0x00000000e3200000| Untracked 
|  51|0x00000000e3300000, 0x00000000e3300000, 0x00000000e3400000|  0%| F|  |TAMS 0x00000000e3300000, 0x00000000e3300000| Untracked 
|  52|0x00000000e3400000, 0x00000000e3400000, 0x00000000e3500000|  0%| F|  |TAMS 0x00000000e3400000, 0x00000000e3400000| Untracked 
|  53|0x00000000e3500000, 0x00000000e3500000, 0x00000000e3600000|  0%| F|  |TAMS 0x00000000e3500000, 0x00000000e3500000| Untracked 
|  54|0x00000000e3600000, 0x00000000e3600000, 0x00000000e3700000|  0%| F|  |TAMS 0x00000000e3600000, 0x00000000e3600000| Untracked 
|  55|0x00000000e3700000, 0x00000000e3700000, 0x00000000e3800000|  0%| F|  |TAMS 0x00000000e3700000, 0x00000000e3700000| Untracked 
|  56|0x00000000e3800000, 0x00000000e3800000, 0x00000000e3900000|  0%| F|  |TAMS 0x00000000e3800000, 0x00000000e3800000| Untracked 
|  57|0x00000000e3900000, 0x00000000e3900000, 0x00000000e3a00000|  0%| F|  |TAMS 0x00000000e3900000, 0x00000000e3900000| Untracked 
|  58|0x00000000e3a00000, 0x00000000e3a00000, 0x00000000e3b00000|  0%| F|  |TAMS 0x00000000e3a00000, 0x00000000e3a00000| Untracked 
|  59|0x00000000e3b00000, 0x00000000e3b00000, 0x00000000e3c00000|  0%| F|  |TAMS 0x00000000e3b00000, 0x00000000e3b00000| Untracked 
|  60|0x00000000e3c00000, 0x00000000e3c00000, 0x00000000e3d00000|  0%| F|  |TAMS 0x00000000e3c00000, 0x00000000e3c00000| Untracked 
|  61|0x00000000e3d00000, 0x00000000e3d00000, 0x00000000e3e00000|  0%| F|  |TAMS 0x00000000e3d00000, 0x00000000e3d00000| Untracked 
|  62|0x00000000e3e00000, 0x00000000e3e00000, 0x00000000e3f00000|  0%| F|  |TAMS 0x00000000e3e00000, 0x00000000e3e00000| Untracked 
|  63|0x00000000e3f00000, 0x00000000e3f00000, 0x00000000e4000000|  0%| F|  |TAMS 0x00000000e3f00000, 0x00000000e3f00000| Untracked 
|  64|0x00000000e4000000, 0x00000000e4000000, 0x00000000e4100000|  0%| F|  |TAMS 0x00000000e4000000, 0x00000000e4000000| Untracked 
|  65|0x00000000e4100000, 0x00000000e4100000, 0x00000000e4200000|  0%| F|  |TAMS 0x00000000e4100000, 0x00000000e4100000| Untracked 
|  66|0x00000000e4200000, 0x00000000e4200000, 0x00000000e4300000|  0%| F|  |TAMS 0x00000000e4200000, 0x00000000e4200000| Untracked 
|  67|0x00000000e4300000, 0x00000000e4300000, 0x00000000e4400000|  0%| F|  |TAMS 0x00000000e4300000, 0x00000000e4300000| Untracked 
|  68|0x00000000e4400000, 0x00000000e4400000, 0x00000000e4500000|  0%| F|  |TAMS 0x00000000e4400000, 0x00000000e4400000| Untracked 
|  69|0x00000000e4500000, 0x00000000e4500000, 0x00000000e4600000|  0%| F|  |TAMS 0x00000000e4500000, 0x00000000e4500000| Untracked 
|  70|0x00000000e4600000, 0x00000000e4600000, 0x00000000e4700000|  0%| F|  |TAMS 0x00000000e4600000, 0x00000000e4600000| Untracked 
|  71|0x00000000e4700000, 0x00000000e4700000, 0x00000000e4800000|  0%| F|  |TAMS 0x00000000e4700000, 0x00000000e4700000| Untracked 
|  72|0x00000000e4800000, 0x00000000e4800000, 0x00000000e4900000|  0%| F|  |TAMS 0x00000000e4800000, 0x00000000e4800000| Untracked 
|  73|0x00000000e4900000, 0x00000000e4900000, 0x00000000e4a00000|  0%| F|  |TAMS 0x00000000e4900000, 0x00000000e4900000| Untracked 
|  74|0x00000000e4a00000, 0x00000000e4a00000, 0x00000000e4b00000|  0%| F|  |TAMS 0x00000000e4a00000, 0x00000000e4a00000| Untracked 
|  75|0x00000000e4b00000, 0x00000000e4b00000, 0x00000000e4c00000|  0%| F|  |TAMS 0x00000000e4b00000, 0x00000000e4b00000| Untracked 
|  76|0x00000000e4c00000, 0x00000000e4c00000, 0x00000000e4d00000|  0%| F|  |TAMS 0x00000000e4c00000, 0x00000000e4c00000| Untracked 
|  77|0x00000000e4d00000, 0x00000000e4d00000, 0x00000000e4e00000|  0%| F|  |TAMS 0x00000000e4d00000, 0x00000000e4d00000| Untracked 
|  78|0x00000000e4e00000, 0x00000000e4e00000, 0x00000000e4f00000|  0%| F|  |TAMS 0x00000000e4e00000, 0x00000000e4e00000| Untracked 
|  79|0x00000000e4f00000, 0x00000000e4f00000, 0x00000000e5000000|  0%| F|  |TAMS 0x00000000e4f00000, 0x00000000e4f00000| Untracked 
|  80|0x00000000e5000000, 0x00000000e5000000, 0x00000000e5100000|  0%| F|  |TAMS 0x00000000e5000000, 0x00000000e5000000| Untracked 
|  81|0x00000000e5100000, 0x00000000e5100000, 0x00000000e5200000|  0%| F|  |TAMS 0x00000000e5100000, 0x00000000e5100000| Untracked 
|  82|0x00000000e5200000, 0x00000000e5200000, 0x00000000e5300000|  0%| F|  |TAMS 0x00000000e5200000, 0x00000000e5200000| Untracked 
|  83|0x00000000e5300000, 0x00000000e5300000, 0x00000000e5400000|  0%| F|  |TAMS 0x00000000e5300000, 0x00000000e5300000| Untracked 
|  84|0x00000000e5400000, 0x00000000e5400000, 0x00000000e5500000|  0%| F|  |TAMS 0x00000000e5400000, 0x00000000e5400000| Untracked 
|  85|0x00000000e5500000, 0x00000000e5500000, 0x00000000e5600000|  0%| F|  |TAMS 0x00000000e5500000, 0x00000000e5500000| Untracked 
|  86|0x00000000e5600000, 0x00000000e5600000, 0x00000000e5700000|  0%| F|  |TAMS 0x00000000e5600000, 0x00000000e5600000| Untracked 
|  87|0x00000000e5700000, 0x00000000e5700000, 0x00000000e5800000|  0%| F|  |TAMS 0x00000000e5700000, 0x00000000e5700000| Untracked 
|  88|0x00000000e5800000, 0x00000000e5800000, 0x00000000e5900000|  0%| F|  |TAMS 0x00000000e5800000, 0x00000000e5800000| Untracked 
|  89|0x00000000e5900000, 0x00000000e5900000, 0x00000000e5a00000|  0%| F|  |TAMS 0x00000000e5900000, 0x00000000e5900000| Untracked 
|  90|0x00000000e5a00000, 0x00000000e5a00000, 0x00000000e5b00000|  0%| F|  |TAMS 0x00000000e5a00000, 0x00000000e5a00000| Untracked 
|  91|0x00000000e5b00000, 0x00000000e5b00000, 0x00000000e5c00000|  0%| F|  |TAMS 0x00000000e5b00000, 0x00000000e5b00000| Untracked 
|  92|0x00000000e5c00000, 0x00000000e5c00000, 0x00000000e5d00000|  0%| F|  |TAMS 0x00000000e5c00000, 0x00000000e5c00000| Untracked 
|  93|0x00000000e5d00000, 0x00000000e5d00000, 0x00000000e5e00000|  0%| F|  |TAMS 0x00000000e5d00000, 0x00000000e5d00000| Untracked 
|  94|0x00000000e5e00000, 0x00000000e5e00000, 0x00000000e5f00000|  0%| F|  |TAMS 0x00000000e5e00000, 0x00000000e5e00000| Untracked 
|  95|0x00000000e5f00000, 0x00000000e5f00000, 0x00000000e6000000|  0%| F|  |TAMS 0x00000000e5f00000, 0x00000000e5f00000| Untracked 
|  96|0x00000000e6000000, 0x00000000e6000000, 0x00000000e6100000|  0%| F|  |TAMS 0x00000000e6000000, 0x00000000e6000000| Untracked 
|  97|0x00000000e6100000, 0x00000000e6100000, 0x00000000e6200000|  0%| F|  |TAMS 0x00000000e6100000, 0x00000000e6100000| Untracked 
|  98|0x00000000e6200000, 0x00000000e6200000, 0x00000000e6300000|  0%| F|  |TAMS 0x00000000e6200000, 0x00000000e6200000| Untracked 
|  99|0x00000000e6300000, 0x00000000e6300000, 0x00000000e6400000|  0%| F|  |TAMS 0x00000000e6300000, 0x00000000e6300000| Untracked 
| 100|0x00000000e6400000, 0x00000000e6400000, 0x00000000e6500000|  0%| F|  |TAMS 0x00000000e6400000, 0x00000000e6400000| Untracked 
| 101|0x00000000e6500000, 0x00000000e6500000, 0x00000000e6600000|  0%| F|  |TAMS 0x00000000e6500000, 0x00000000e6500000| Untracked 
| 102|0x00000000e6600000, 0x00000000e6600000, 0x00000000e6700000|  0%| F|  |TAMS 0x00000000e6600000, 0x00000000e6600000| Untracked 
| 103|0x00000000e6700000, 0x00000000e6700000, 0x00000000e6800000|  0%| F|  |TAMS 0x00000000e6700000, 0x00000000e6700000| Untracked 
| 104|0x00000000e6800000, 0x00000000e6800000, 0x00000000e6900000|  0%| F|  |TAMS 0x00000000e6800000, 0x00000000e6800000| Untracked 
| 105|0x00000000e6900000, 0x00000000e6900000, 0x00000000e6a00000|  0%| F|  |TAMS 0x00000000e6900000, 0x00000000e6900000| Untracked 
| 106|0x00000000e6a00000, 0x00000000e6a00000, 0x00000000e6b00000|  0%| F|  |TAMS 0x00000000e6a00000, 0x00000000e6a00000| Untracked 
| 107|0x00000000e6b00000, 0x00000000e6b00000, 0x00000000e6c00000|  0%| F|  |TAMS 0x00000000e6b00000, 0x00000000e6b00000| Untracked 
| 108|0x00000000e6c00000, 0x00000000e6c00000, 0x00000000e6d00000|  0%| F|  |TAMS 0x00000000e6c00000, 0x00000000e6c00000| Untracked 
| 109|0x00000000e6d00000, 0x00000000e6d00000, 0x00000000e6e00000|  0%| F|  |TAMS 0x00000000e6d00000, 0x00000000e6d00000| Untracked 
| 110|0x00000000e6e00000, 0x00000000e6e00000, 0x00000000e6f00000|  0%| F|  |TAMS 0x00000000e6e00000, 0x00000000e6e00000| Untracked 
| 111|0x00000000e6f00000, 0x00000000e6f00000, 0x00000000e7000000|  0%| F|  |TAMS 0x00000000e6f00000, 0x00000000e6f00000| Untracked 
| 112|0x00000000e7000000, 0x00000000e7000000, 0x00000000e7100000|  0%| F|  |TAMS 0x00000000e7000000, 0x00000000e7000000| Untracked 
| 113|0x00000000e7100000, 0x00000000e7100000, 0x00000000e7200000|  0%| F|  |TAMS 0x00000000e7100000, 0x00000000e7100000| Untracked 
| 114|0x00000000e7200000, 0x00000000e7200000, 0x00000000e7300000|  0%| F|  |TAMS 0x00000000e7200000, 0x00000000e7200000| Untracked 
| 115|0x00000000e7300000, 0x00000000e7300000, 0x00000000e7400000|  0%| F|  |TAMS 0x00000000e7300000, 0x00000000e7300000| Untracked 
| 116|0x00000000e7400000, 0x00000000e7400000, 0x00000000e7500000|  0%| F|  |TAMS 0x00000000e7400000, 0x00000000e7400000| Untracked 
| 117|0x00000000e7500000, 0x00000000e7500000, 0x00000000e7600000|  0%| F|  |TAMS 0x00000000e7500000, 0x00000000e7500000| Untracked 
| 118|0x00000000e7600000, 0x00000000e7600000, 0x00000000e7700000|  0%| F|  |TAMS 0x00000000e7600000, 0x00000000e7600000| Untracked 
| 119|0x00000000e7700000, 0x00000000e7700000, 0x00000000e7800000|  0%| F|  |TAMS 0x00000000e7700000, 0x00000000e7700000| Untracked 
| 120|0x00000000e7800000, 0x00000000e7800000, 0x00000000e7900000|  0%| F|  |TAMS 0x00000000e7800000, 0x00000000e7800000| Untracked 
| 121|0x00000000e7900000, 0x00000000e7900000, 0x00000000e7a00000|  0%| F|  |TAMS 0x00000000e7900000, 0x00000000e7900000| Untracked 
| 122|0x00000000e7a00000, 0x00000000e7a00000, 0x00000000e7b00000|  0%| F|  |TAMS 0x00000000e7a00000, 0x00000000e7a00000| Untracked 
| 123|0x00000000e7b00000, 0x00000000e7b00000, 0x00000000e7c00000|  0%| F|  |TAMS 0x00000000e7b00000, 0x00000000e7b00000| Untracked 
| 124|0x00000000e7c00000, 0x00000000e7c00000, 0x00000000e7d00000|  0%| F|  |TAMS 0x00000000e7c00000, 0x00000000e7c00000| Untracked 
| 125|0x00000000e7d00000, 0x00000000e7d00000, 0x00000000e7e00000|  0%| F|  |TAMS 0x00000000e7d00000, 0x00000000e7d00000| Untracked 
| 126|0x00000000e7e00000, 0x00000000e7e00000, 0x00000000e7f00000|  0%| F|  |TAMS 0x00000000e7e00000, 0x00000000e7e00000| Untracked 
| 127|0x00000000e7f00000, 0x00000000e7f00000, 0x00000000e8000000|  0%| F|  |TAMS 0x00000000e7f00000, 0x00000000e7f00000| Untracked 
| 128|0x00000000e8000000, 0x00000000e8000000, 0x00000000e8100000|  0%| F|  |TAMS 0x00000000e8000000, 0x00000000e8000000| Untracked 
| 129|0x00000000e8100000, 0x00000000e8100000, 0x00000000e8200000|  0%| F|  |TAMS 0x00000000e8100000, 0x00000000e8100000| Untracked 
| 130|0x00000000e8200000, 0x00000000e8200000, 0x00000000e8300000|  0%| F|  |TAMS 0x00000000e8200000, 0x00000000e8200000| Untracked 
| 131|0x00000000e8300000, 0x00000000e8300000, 0x00000000e8400000|  0%| F|  |TAMS 0x00000000e8300000, 0x00000000e8300000| Untracked 
| 132|0x00000000e8400000, 0x00000000e8400000, 0x00000000e8500000|  0%| F|  |TAMS 0x00000000e8400000, 0x00000000e8400000| Untracked 
| 133|0x00000000e8500000, 0x00000000e8500000, 0x00000000e8600000|  0%| F|  |TAMS 0x00000000e8500000, 0x00000000e8500000| Untracked 
| 134|0x00000000e8600000, 0x00000000e8600000, 0x00000000e8700000|  0%| F|  |TAMS 0x00000000e8600000, 0x00000000e8600000| Untracked 
| 135|0x00000000e8700000, 0x00000000e8700000, 0x00000000e8800000|  0%| F|  |TAMS 0x00000000e8700000, 0x00000000e8700000| Untracked 
| 136|0x00000000e8800000, 0x00000000e8800000, 0x00000000e8900000|  0%| F|  |TAMS 0x00000000e8800000, 0x00000000e8800000| Untracked 
| 137|0x00000000e8900000, 0x00000000e8900000, 0x00000000e8a00000|  0%| F|  |TAMS 0x00000000e8900000, 0x00000000e8900000| Untracked 
| 138|0x00000000e8a00000, 0x00000000e8a00000, 0x00000000e8b00000|  0%| F|  |TAMS 0x00000000e8a00000, 0x00000000e8a00000| Untracked 
| 139|0x00000000e8b00000, 0x00000000e8b00000, 0x00000000e8c00000|  0%| F|  |TAMS 0x00000000e8b00000, 0x00000000e8b00000| Untracked 
| 140|0x00000000e8c00000, 0x00000000e8c00000, 0x00000000e8d00000|  0%| F|  |TAMS 0x00000000e8c00000, 0x00000000e8c00000| Untracked 
| 141|0x00000000e8d00000, 0x00000000e8d00000, 0x00000000e8e00000|  0%| F|  |TAMS 0x00000000e8d00000, 0x00000000e8d00000| Untracked 
| 142|0x00000000e8e00000, 0x00000000e8e00000, 0x00000000e8f00000|  0%| F|  |TAMS 0x00000000e8e00000, 0x00000000e8e00000| Untracked 
| 143|0x00000000e8f00000, 0x00000000e8f00000, 0x00000000e9000000|  0%| F|  |TAMS 0x00000000e8f00000, 0x00000000e8f00000| Untracked 
| 144|0x00000000e9000000, 0x00000000e9000000, 0x00000000e9100000|  0%| F|  |TAMS 0x00000000e9000000, 0x00000000e9000000| Untracked 
| 145|0x00000000e9100000, 0x00000000e9100000, 0x00000000e9200000|  0%| F|  |TAMS 0x00000000e9100000, 0x00000000e9100000| Untracked 
| 146|0x00000000e9200000, 0x00000000e9200000, 0x00000000e9300000|  0%| F|  |TAMS 0x00000000e9200000, 0x00000000e9200000| Untracked 
| 147|0x00000000e9300000, 0x00000000e9300000, 0x00000000e9400000|  0%| F|  |TAMS 0x00000000e9300000, 0x00000000e9300000| Untracked 
| 148|0x00000000e9400000, 0x00000000e9400000, 0x00000000e9500000|  0%| F|  |TAMS 0x00000000e9400000, 0x00000000e9400000| Untracked 
| 149|0x00000000e9500000, 0x00000000e9500000, 0x00000000e9600000|  0%| F|  |TAMS 0x00000000e9500000, 0x00000000e9500000| Untracked 
| 150|0x00000000e9600000, 0x00000000e9600000, 0x00000000e9700000|  0%| F|  |TAMS 0x00000000e9600000, 0x00000000e9600000| Untracked 
| 151|0x00000000e9700000, 0x00000000e9700000, 0x00000000e9800000|  0%| F|  |TAMS 0x00000000e9700000, 0x00000000e9700000| Untracked 
| 152|0x00000000e9800000, 0x00000000e9800000, 0x00000000e9900000|  0%| F|  |TAMS 0x00000000e9800000, 0x00000000e9800000| Untracked 
| 153|0x00000000e9900000, 0x00000000e9900000, 0x00000000e9a00000|  0%| F|  |TAMS 0x00000000e9900000, 0x00000000e9900000| Untracked 
| 154|0x00000000e9a00000, 0x00000000e9a00000, 0x00000000e9b00000|  0%| F|  |TAMS 0x00000000e9a00000, 0x00000000e9a00000| Untracked 
| 155|0x00000000e9b00000, 0x00000000e9b00000, 0x00000000e9c00000|  0%| F|  |TAMS 0x00000000e9b00000, 0x00000000e9b00000| Untracked 
| 156|0x00000000e9c00000, 0x00000000e9c80800, 0x00000000e9d00000| 50%| E|  |TAMS 0x00000000e9c00000, 0x00000000e9c00000| Complete 
| 157|0x00000000e9d00000, 0x00000000e9e00000, 0x00000000e9e00000|100%| E|CS|TAMS 0x00000000e9d00000, 0x00000000e9d00000| Complete 
| 158|0x00000000e9e00000, 0x00000000e9f00000, 0x00000000e9f00000|100%| E|CS|TAMS 0x00000000e9e00000, 0x00000000e9e00000| Complete 
| 159|0x00000000e9f00000, 0x00000000ea000000, 0x00000000ea000000|100%| E|CS|TAMS 0x00000000e9f00000, 0x00000000e9f00000| Complete 
| 160|0x00000000ea000000, 0x00000000ea100000, 0x00000000ea100000|100%| E|CS|TAMS 0x00000000ea000000, 0x00000000ea000000| Complete 
| 161|0x00000000ea100000, 0x00000000ea200000, 0x00000000ea200000|100%| E|CS|TAMS 0x00000000ea100000, 0x00000000ea100000| Complete 
| 162|0x00000000ea200000, 0x00000000ea300000, 0x00000000ea300000|100%| E|CS|TAMS 0x00000000ea200000, 0x00000000ea200000| Complete 
| 163|0x00000000ea300000, 0x00000000ea400000, 0x00000000ea400000|100%| E|CS|TAMS 0x00000000ea300000, 0x00000000ea300000| Complete 
| 164|0x00000000ea400000, 0x00000000ea500000, 0x00000000ea500000|100%| E|CS|TAMS 0x00000000ea400000, 0x00000000ea400000| Complete 
| 165|0x00000000ea500000, 0x00000000ea600000, 0x00000000ea600000|100%| E|CS|TAMS 0x00000000ea500000, 0x00000000ea500000| Complete 
| 166|0x00000000ea600000, 0x00000000ea700000, 0x00000000ea700000|100%| E|CS|TAMS 0x00000000ea600000, 0x00000000ea600000| Complete 
| 167|0x00000000ea700000, 0x00000000ea800000, 0x00000000ea800000|100%| E|CS|TAMS 0x00000000ea700000, 0x00000000ea700000| Complete 
| 168|0x00000000ea800000, 0x00000000ea900000, 0x00000000ea900000|100%| E|CS|TAMS 0x00000000ea800000, 0x00000000ea800000| Complete 
| 169|0x00000000ea900000, 0x00000000eaa00000, 0x00000000eaa00000|100%| E|CS|TAMS 0x00000000ea900000, 0x00000000ea900000| Complete 
| 170|0x00000000eaa00000, 0x00000000eab00000, 0x00000000eab00000|100%| E|CS|TAMS 0x00000000eaa00000, 0x00000000eaa00000| Complete 
| 171|0x00000000eab00000, 0x00000000eac00000, 0x00000000eac00000|100%| E|CS|TAMS 0x00000000eab00000, 0x00000000eab00000| Complete 
| 172|0x00000000eac00000, 0x00000000ead00000, 0x00000000ead00000|100%| E|CS|TAMS 0x00000000eac00000, 0x00000000eac00000| Complete 
| 173|0x00000000ead00000, 0x00000000eae00000, 0x00000000eae00000|100%| E|CS|TAMS 0x00000000ead00000, 0x00000000ead00000| Complete 
| 174|0x00000000eae00000, 0x00000000eaf00000, 0x00000000eaf00000|100%| E|CS|TAMS 0x00000000eae00000, 0x00000000eae00000| Complete 
| 175|0x00000000eaf00000, 0x00000000eb000000, 0x00000000eb000000|100%| E|CS|TAMS 0x00000000eaf00000, 0x00000000eaf00000| Complete 
| 176|0x00000000eb000000, 0x00000000eb100000, 0x00000000eb100000|100%| E|CS|TAMS 0x00000000eb000000, 0x00000000eb000000| Complete 
| 177|0x00000000eb100000, 0x00000000eb200000, 0x00000000eb200000|100%| E|CS|TAMS 0x00000000eb100000, 0x00000000eb100000| Complete 
| 178|0x00000000eb200000, 0x00000000eb300000, 0x00000000eb300000|100%| E|CS|TAMS 0x00000000eb200000, 0x00000000eb200000| Complete 
| 179|0x00000000eb300000, 0x00000000eb400000, 0x00000000eb400000|100%| E|CS|TAMS 0x00000000eb300000, 0x00000000eb300000| Complete 
| 180|0x00000000eb400000, 0x00000000eb500000, 0x00000000eb500000|100%| E|CS|TAMS 0x00000000eb400000, 0x00000000eb400000| Complete 
| 181|0x00000000eb500000, 0x00000000eb600000, 0x00000000eb600000|100%| E|CS|TAMS 0x00000000eb500000, 0x00000000eb500000| Complete 
| 182|0x00000000eb600000, 0x00000000eb700000, 0x00000000eb700000|100%| E|CS|TAMS 0x00000000eb600000, 0x00000000eb600000| Complete 
| 183|0x00000000eb700000, 0x00000000eb800000, 0x00000000eb800000|100%| E|CS|TAMS 0x00000000eb700000, 0x00000000eb700000| Complete 
| 184|0x00000000eb800000, 0x00000000eb900000, 0x00000000eb900000|100%| E|CS|TAMS 0x00000000eb800000, 0x00000000eb800000| Complete 
| 185|0x00000000eb900000, 0x00000000eba00000, 0x00000000eba00000|100%| E|CS|TAMS 0x00000000eb900000, 0x00000000eb900000| Complete 
| 186|0x00000000eba00000, 0x00000000ebb00000, 0x00000000ebb00000|100%| E|CS|TAMS 0x00000000eba00000, 0x00000000eba00000| Complete 
| 187|0x00000000ebb00000, 0x00000000ebc00000, 0x00000000ebc00000|100%| E|CS|TAMS 0x00000000ebb00000, 0x00000000ebb00000| Complete 
| 188|0x00000000ebc00000, 0x00000000ebd00000, 0x00000000ebd00000|100%| E|CS|TAMS 0x00000000ebc00000, 0x00000000ebc00000| Complete 
| 189|0x00000000ebd00000, 0x00000000ebe00000, 0x00000000ebe00000|100%| E|CS|TAMS 0x00000000ebd00000, 0x00000000ebd00000| Complete 
| 190|0x00000000ebe00000, 0x00000000ebf00000, 0x00000000ebf00000|100%| E|CS|TAMS 0x00000000ebe00000, 0x00000000ebe00000| Complete 
| 191|0x00000000ebf00000, 0x00000000ec000000, 0x00000000ec000000|100%| E|CS|TAMS 0x00000000ebf00000, 0x00000000ebf00000| Complete 
| 192|0x00000000ec000000, 0x00000000ec100000, 0x00000000ec100000|100%| E|CS|TAMS 0x00000000ec000000, 0x00000000ec000000| Complete 
| 193|0x00000000ec100000, 0x00000000ec200000, 0x00000000ec200000|100%| E|CS|TAMS 0x00000000ec100000, 0x00000000ec100000| Complete 
| 194|0x00000000ec200000, 0x00000000ec300000, 0x00000000ec300000|100%| E|CS|TAMS 0x00000000ec200000, 0x00000000ec200000| Complete 
| 195|0x00000000ec300000, 0x00000000ec400000, 0x00000000ec400000|100%| E|CS|TAMS 0x00000000ec300000, 0x00000000ec300000| Complete 
| 196|0x00000000ec400000, 0x00000000ec500000, 0x00000000ec500000|100%| E|CS|TAMS 0x00000000ec400000, 0x00000000ec400000| Complete 
| 197|0x00000000ec500000, 0x00000000ec600000, 0x00000000ec600000|100%| E|CS|TAMS 0x00000000ec500000, 0x00000000ec500000| Complete 
| 198|0x00000000ec600000, 0x00000000ec700000, 0x00000000ec700000|100%| E|CS|TAMS 0x00000000ec600000, 0x00000000ec600000| Complete 
| 199|0x00000000ec700000, 0x00000000ec800000, 0x00000000ec800000|100%| E|CS|TAMS 0x00000000ec700000, 0x00000000ec700000| Complete 
| 200|0x00000000ec800000, 0x00000000ec900000, 0x00000000ec900000|100%| E|CS|TAMS 0x00000000ec800000, 0x00000000ec800000| Complete 
| 201|0x00000000ec900000, 0x00000000eca00000, 0x00000000eca00000|100%| E|CS|TAMS 0x00000000ec900000, 0x00000000ec900000| Complete 
| 202|0x00000000eca00000, 0x00000000ecb00000, 0x00000000ecb00000|100%| E|CS|TAMS 0x00000000eca00000, 0x00000000eca00000| Complete 
| 203|0x00000000ecb00000, 0x00000000ecc00000, 0x00000000ecc00000|100%| E|CS|TAMS 0x00000000ecb00000, 0x00000000ecb00000| Complete 
| 204|0x00000000ecc00000, 0x00000000ecd00000, 0x00000000ecd00000|100%| E|CS|TAMS 0x00000000ecc00000, 0x00000000ecc00000| Complete 
| 205|0x00000000ecd00000, 0x00000000ece00000, 0x00000000ece00000|100%| E|CS|TAMS 0x00000000ecd00000, 0x00000000ecd00000| Complete 
| 206|0x00000000ece00000, 0x00000000ecf00000, 0x00000000ecf00000|100%| E|CS|TAMS 0x00000000ece00000, 0x00000000ece00000| Complete 
| 207|0x00000000ecf00000, 0x00000000ed000000, 0x00000000ed000000|100%| E|CS|TAMS 0x00000000ecf00000, 0x00000000ecf00000| Complete 
| 208|0x00000000ed000000, 0x00000000ed100000, 0x00000000ed100000|100%| E|CS|TAMS 0x00000000ed000000, 0x00000000ed000000| Complete 
| 209|0x00000000ed100000, 0x00000000ed200000, 0x00000000ed200000|100%| E|CS|TAMS 0x00000000ed100000, 0x00000000ed100000| Complete 
| 210|0x00000000ed200000, 0x00000000ed300000, 0x00000000ed300000|100%| E|CS|TAMS 0x00000000ed200000, 0x00000000ed200000| Complete 
| 211|0x00000000ed300000, 0x00000000ed400000, 0x00000000ed400000|100%| E|CS|TAMS 0x00000000ed300000, 0x00000000ed300000| Complete 
| 212|0x00000000ed400000, 0x00000000ed500000, 0x00000000ed500000|100%| E|CS|TAMS 0x00000000ed400000, 0x00000000ed400000| Complete 
| 213|0x00000000ed500000, 0x00000000ed600000, 0x00000000ed600000|100%| E|CS|TAMS 0x00000000ed500000, 0x00000000ed500000| Complete 
| 214|0x00000000ed600000, 0x00000000ed700000, 0x00000000ed700000|100%| E|CS|TAMS 0x00000000ed600000, 0x00000000ed600000| Complete 
| 215|0x00000000ed700000, 0x00000000ed800000, 0x00000000ed800000|100%| E|CS|TAMS 0x00000000ed700000, 0x00000000ed700000| Complete 
| 216|0x00000000ed800000, 0x00000000ed900000, 0x00000000ed900000|100%| E|CS|TAMS 0x00000000ed800000, 0x00000000ed800000| Complete 
| 217|0x00000000ed900000, 0x00000000eda00000, 0x00000000eda00000|100%| E|CS|TAMS 0x00000000ed900000, 0x00000000ed900000| Complete 
| 218|0x00000000eda00000, 0x00000000edb00000, 0x00000000edb00000|100%| E|CS|TAMS 0x00000000eda00000, 0x00000000eda00000| Complete 
| 219|0x00000000edb00000, 0x00000000edc00000, 0x00000000edc00000|100%| E|CS|TAMS 0x00000000edb00000, 0x00000000edb00000| Complete 
| 220|0x00000000edc00000, 0x00000000edd00000, 0x00000000edd00000|100%| E|CS|TAMS 0x00000000edc00000, 0x00000000edc00000| Complete 
| 221|0x00000000edd00000, 0x00000000ede00000, 0x00000000ede00000|100%| E|CS|TAMS 0x00000000edd00000, 0x00000000edd00000| Complete 
| 222|0x00000000ede00000, 0x00000000edf00000, 0x00000000edf00000|100%| E|CS|TAMS 0x00000000ede00000, 0x00000000ede00000| Complete 
| 223|0x00000000edf00000, 0x00000000edfcb700, 0x00000000ee000000| 79%| S|CS|TAMS 0x00000000edf00000, 0x00000000edf00000| Complete 
| 224|0x00000000ee000000, 0x00000000ee100000, 0x00000000ee100000|100%| E|CS|TAMS 0x00000000ee000000, 0x00000000ee000000| Complete 
| 225|0x00000000ee100000, 0x00000000ee200000, 0x00000000ee200000|100%| E|CS|TAMS 0x00000000ee100000, 0x00000000ee100000| Complete 
| 226|0x00000000ee200000, 0x00000000ee300000, 0x00000000ee300000|100%| E|CS|TAMS 0x00000000ee200000, 0x00000000ee200000| Complete 
| 227|0x00000000ee300000, 0x00000000ee400000, 0x00000000ee400000|100%| E|CS|TAMS 0x00000000ee300000, 0x00000000ee300000| Complete 
| 228|0x00000000ee400000, 0x00000000ee500000, 0x00000000ee500000|100%| E|CS|TAMS 0x00000000ee400000, 0x00000000ee400000| Complete 
| 229|0x00000000ee500000, 0x00000000ee600000, 0x00000000ee600000|100%| E|CS|TAMS 0x00000000ee500000, 0x00000000ee500000| Complete 
| 230|0x00000000ee600000, 0x00000000ee700000, 0x00000000ee700000|100%| E|CS|TAMS 0x00000000ee600000, 0x00000000ee600000| Complete 
| 231|0x00000000ee700000, 0x00000000ee800000, 0x00000000ee800000|100%| E|CS|TAMS 0x00000000ee700000, 0x00000000ee700000| Complete 
| 232|0x00000000ee800000, 0x00000000ee900000, 0x00000000ee900000|100%| E|CS|TAMS 0x00000000ee800000, 0x00000000ee800000| Complete 
| 233|0x00000000ee900000, 0x00000000eea00000, 0x00000000eea00000|100%| E|CS|TAMS 0x00000000ee900000, 0x00000000ee900000| Complete 
| 234|0x00000000eea00000, 0x00000000eeb00000, 0x00000000eeb00000|100%| E|CS|TAMS 0x00000000eea00000, 0x00000000eea00000| Complete 
| 235|0x00000000eeb00000, 0x00000000eec00000, 0x00000000eec00000|100%| E|CS|TAMS 0x00000000eeb00000, 0x00000000eeb00000| Complete 
| 236|0x00000000eec00000, 0x00000000eed00000, 0x00000000eed00000|100%| E|CS|TAMS 0x00000000eec00000, 0x00000000eec00000| Complete 
| 237|0x00000000eed00000, 0x00000000eee00000, 0x00000000eee00000|100%| E|CS|TAMS 0x00000000eed00000, 0x00000000eed00000| Complete 
| 238|0x00000000eee00000, 0x00000000eef00000, 0x00000000eef00000|100%| E|CS|TAMS 0x00000000eee00000, 0x00000000eee00000| Complete 
| 239|0x00000000eef00000, 0x00000000ef000000, 0x00000000ef000000|100%| E|CS|TAMS 0x00000000eef00000, 0x00000000eef00000| Complete 
| 240|0x00000000ef000000, 0x00000000ef100000, 0x00000000ef100000|100%| E|CS|TAMS 0x00000000ef000000, 0x00000000ef000000| Complete 
| 241|0x00000000ef100000, 0x00000000ef200000, 0x00000000ef200000|100%| E|CS|TAMS 0x00000000ef100000, 0x00000000ef100000| Complete 
| 242|0x00000000ef200000, 0x00000000ef300000, 0x00000000ef300000|100%| E|CS|TAMS 0x00000000ef200000, 0x00000000ef200000| Complete 
| 243|0x00000000ef300000, 0x00000000ef400000, 0x00000000ef400000|100%| E|CS|TAMS 0x00000000ef300000, 0x00000000ef300000| Complete 
| 244|0x00000000ef400000, 0x00000000ef500000, 0x00000000ef500000|100%| E|CS|TAMS 0x00000000ef400000, 0x00000000ef400000| Complete 
| 245|0x00000000ef500000, 0x00000000ef600000, 0x00000000ef600000|100%| E|CS|TAMS 0x00000000ef500000, 0x00000000ef500000| Complete 
| 246|0x00000000ef600000, 0x00000000ef700000, 0x00000000ef700000|100%| E|CS|TAMS 0x00000000ef600000, 0x00000000ef600000| Complete 
| 247|0x00000000ef700000, 0x00000000ef800000, 0x00000000ef800000|100%| E|CS|TAMS 0x00000000ef700000, 0x00000000ef700000| Complete 
| 248|0x00000000ef800000, 0x00000000ef900000, 0x00000000ef900000|100%| E|CS|TAMS 0x00000000ef800000, 0x00000000ef800000| Complete 
| 249|0x00000000ef900000, 0x00000000efa00000, 0x00000000efa00000|100%| E|CS|TAMS 0x00000000ef900000, 0x00000000ef900000| Complete 
| 250|0x00000000efa00000, 0x00000000efb00000, 0x00000000efb00000|100%| E|CS|TAMS 0x00000000efa00000, 0x00000000efa00000| Complete 
| 251|0x00000000efb00000, 0x00000000efc00000, 0x00000000efc00000|100%| E|CS|TAMS 0x00000000efb00000, 0x00000000efb00000| Complete 
| 252|0x00000000efc00000, 0x00000000efd00000, 0x00000000efd00000|100%| E|  |TAMS 0x00000000efc00000, 0x00000000efc00000| Complete 
| 253|0x00000000efd00000, 0x00000000efe00000, 0x00000000efe00000|100%| E|CS|TAMS 0x00000000efd00000, 0x00000000efd00000| Complete 
| 254|0x00000000efe00000, 0x00000000eff00000, 0x00000000eff00000|100%| E|CS|TAMS 0x00000000efe00000, 0x00000000efe00000| Complete 
| 255|0x00000000eff00000, 0x00000000f0000000, 0x00000000f0000000|100%| E|CS|TAMS 0x00000000eff00000, 0x00000000eff00000| Complete 

Card table byte_map: [0x0000024bd4a90000,0x0000024bd4b90000] _byte_map_base: 0x0000024bd4390000

Marking Bits (Prev, Next): (CMBitMap*) 0x0000024bbd4adec0, (CMBitMap*) 0x0000024bbd4adf00
 Prev Bits: [0x0000024bd4c90000, 0x0000024bd5490000)
 Next Bits: [0x0000024bd5490000, 0x0000024bd5c90000)

Polling page: 0x0000024bbb7e0000

Metaspace:

Usage:
  Non-class:     16.81 MB used.
      Class:      2.75 MB used.
       Both:     19.56 MB used.

Virtual space:
  Non-class space:       64.00 MB reserved,      17.06 MB ( 27%) committed,  1 nodes.
      Class space:      308.00 MB reserved,       3.00 MB ( <1%) committed,  1 nodes.
             Both:      372.00 MB reserved,      20.06 MB (  5%) committed. 

Chunk freelists:
   Non-Class:  2.57 MB
       Class:  1.01 MB
        Both:  3.58 MB

MaxMetaspaceSize: 384.00 MB
CompressedClassSpaceSize: 308.00 MB
Initial GC threshold: 21.00 MB
Current GC threshold: 21.00 MB
CDS: on
MetaspaceReclaimPolicy: balanced
 - commit_granule_bytes: 65536.
 - commit_granule_words: 8192.
 - virtual_space_node_default_size: 8388608.
 - enlarge_chunks_in_place: 1.
 - new_chunks_are_fully_committed: 0.
 - uncommit_free_chunks: 1.
 - use_allocation_guard: 0.


Internal statistics:

num_allocs_failed_limit: 0.
num_arena_births: 830.
num_arena_deaths: 0.
num_vsnodes_births: 2.
num_vsnodes_deaths: 0.
num_space_committed: 321.
num_space_uncommitted: 0.
num_chunks_returned_to_freelist: 0.
num_chunks_taken_from_freelist: 1634.
num_chunk_merges: 0.
num_chunk_splits: 1050.
num_chunks_enlarged: 679.
num_inconsistent_stats: 0.

CodeHeap 'non-profiled nmethods': size=120000Kb used=1369Kb max_used=1369Kb free=118630Kb
 bounds [0x0000024bcd130000, 0x0000024bcd3a0000, 0x0000024bd4660000]
CodeHeap 'profiled nmethods': size=120000Kb used=5725Kb max_used=5725Kb free=114274Kb
 bounds [0x0000024bc5660000, 0x0000024bc5c00000, 0x0000024bccb90000]
CodeHeap 'non-nmethods': size=5760Kb used=1346Kb max_used=1408Kb free=4413Kb
 bounds [0x0000024bccb90000, 0x0000024bcce00000, 0x0000024bcd130000]
 total_blobs=3368 nmethods=2806 adapters=472
 compilation: enabled
              stopped_count=0, restarted_count=0
 full_count=0

Compilation events (20 events):
Event: 4.780 Thread 0x0000024bdc866d00 2788       3       org.objectweb.asm.Frame::merge (322 bytes)
Event: 4.780 Thread 0x0000024bdc866d00 nmethod 2788 0x0000024bc5bdd490 code [0x0000024bc5bdd6c0, 0x0000024bc5bde048]
Event: 4.780 Thread 0x0000024bdc866d00 2785       3       org.objectweb.asm.Frame::pop (42 bytes)
Event: 4.781 Thread 0x0000024bdc866d00 nmethod 2785 0x0000024bc5bde290 code [0x0000024bc5bde440, 0x0000024bc5bde5f8]
Event: 4.781 Thread 0x0000024bdc866d00 2783       3       org.objectweb.asm.Frame::getAbstractTypeFromDescriptor (462 bytes)
Event: 4.786 Thread 0x0000024bdc866d00 nmethod 2783 0x0000024bc5bde710 code [0x0000024bc5bdebe0, 0x0000024bc5be1238]
Event: 4.786 Thread 0x0000024bdc866d00 2784       3       org.objectweb.asm.Label::getCanonicalInstance (19 bytes)
Event: 4.786 Thread 0x0000024bdc866d00 nmethod 2784 0x0000024bc5be1f90 code [0x0000024bc5be2120, 0x0000024bc5be2298]
Event: 4.787 Thread 0x0000024bdc866d00 2791       3       org.objectweb.asm.Handler::getExceptionTableLength (21 bytes)
Event: 4.788 Thread 0x0000024bdc866d00 nmethod 2791 0x0000024bc5be2390 code [0x0000024bc5be2540, 0x0000024bc5be26d8]
Event: 4.788 Thread 0x0000024bdc866d00 2792       1       org.objectweb.asm.MethodWriter::hasAsmInstructions (5 bytes)
Event: 4.788 Thread 0x0000024bdc866d00 nmethod 2792 0x0000024bcd285a90 code [0x0000024bcd285c20, 0x0000024bcd285cf8]
Event: 4.788 Thread 0x0000024bdc866d00 2790       3       org.objectweb.asm.Frame::pop (53 bytes)
Event: 4.789 Thread 0x0000024bdc866d00 nmethod 2790 0x0000024bc5be2810 code [0x0000024bc5be2a60, 0x0000024bc5be31f8]
Event: 4.812 Thread 0x0000024bdc866d00 2793       3       java.lang.invoke.DirectMethodHandle$Holder::newInvokeSpecial (28 bytes)
Event: 4.814 Thread 0x0000024bdc866d00 nmethod 2793 0x0000024bc5be3510 code [0x0000024bc5be3700, 0x0000024bc5be3ea8]
Event: 4.821 Thread 0x0000024bdc866d00 2794       3       org.gradle.internal.service.DefaultServiceRegistry$ParentServices::getService (11 bytes)
Event: 4.822 Thread 0x0000024bdc866d00 nmethod 2794 0x0000024bc5be4090 code [0x0000024bc5be4240, 0x0000024bc5be4408]
Event: 4.843 Thread 0x0000024bdc866d00 2795       3       java.lang.invoke.Invokers$Holder::linkToTargetMethod (11 bytes)
Event: 4.843 Thread 0x0000024bdc866d00 nmethod 2795 0x0000024bc5be4510 code [0x0000024bc5be46c0, 0x0000024bc5be4af8]

GC Heap History (4 events):
Event: 1.087 GC heap before
{Heap before GC invocations=0 (full 0):
 garbage-first heap   total 262144K, used 26624K [0x00000000e0000000, 0x0000000100000000)
  region size 1024K, 23 young (23552K), 0 survivors (0K)
 Metaspace       used 3130K, committed 3264K, reserved 380928K
  class space    used 387K, committed 448K, reserved 315392K
}
Event: 1.096 GC heap after
{Heap after GC invocations=1 (full 0):
 garbage-first heap   total 262144K, used 10479K [0x00000000e0000000, 0x0000000100000000)
  region size 1024K, 3 young (3072K), 3 survivors (3072K)
 Metaspace       used 3130K, committed 3264K, reserved 380928K
  class space    used 387K, committed 448K, reserved 315392K
}
Event: 1.766 GC heap before
{Heap before GC invocations=1 (full 0):
 garbage-first heap   total 262144K, used 40175K [0x00000000e0000000, 0x0000000100000000)
  region size 1024K, 32 young (32768K), 3 survivors (3072K)
 Metaspace       used 4067K, committed 4224K, reserved 380928K
  class space    used 484K, committed 576K, reserved 315392K
}
Event: 1.771 GC heap after
{Heap after GC invocations=2 (full 0):
 garbage-first heap   total 262144K, used 11589K [0x00000000e0000000, 0x0000000100000000)
  region size 1024K, 1 young (1024K), 1 survivors (1024K)
 Metaspace       used 4067K, committed 4224K, reserved 380928K
  class space    used 484K, committed 576K, reserved 315392K
}

Dll operation events (15 events):
Event: 0.010 Loaded shared library C:\Users\nurla\.jdks\corretto-19.0.2\bin\java.dll
Event: 0.022 Loaded shared library C:\Users\nurla\.jdks\corretto-19.0.2\bin\jsvml.dll
Event: 0.137 Loaded shared library C:\Users\nurla\.jdks\corretto-19.0.2\bin\zip.dll
Event: 0.142 Loaded shared library C:\Users\nurla\.jdks\corretto-19.0.2\bin\instrument.dll
Event: 0.157 Loaded shared library C:\Users\nurla\.jdks\corretto-19.0.2\bin\net.dll
Event: 0.162 Loaded shared library C:\Users\nurla\.jdks\corretto-19.0.2\bin\nio.dll
Event: 0.170 Loaded shared library C:\Users\nurla\.jdks\corretto-19.0.2\bin\zip.dll
Event: 0.492 Loaded shared library C:\Users\nurla\.jdks\corretto-19.0.2\bin\jimage.dll
Event: 0.670 Loaded shared library C:\Users\nurla\.jdks\corretto-19.0.2\bin\verify.dll
Event: 0.948 Loaded shared library C:\Users\nurla\.gradle\native\c067742578af261105cb4f569cf0c3c89f3d7b1fecec35dd04571415982c5e48\windows-amd64\native-platform.dll
Event: 0.970 Loaded shared library C:\Users\nurla\.gradle\native\38dada09dfb8b06ba9b0570ebf7e218e3eb74d4ef43ca46872605cf95ebc2f47\windows-amd64\native-platform-file-events.dll
Event: 2.372 Loaded shared library C:\Users\nurla\.jdks\corretto-19.0.2\bin\management.dll
Event: 2.379 Loaded shared library C:\Users\nurla\.jdks\corretto-19.0.2\bin\management_ext.dll
Event: 2.807 Loaded shared library C:\Users\nurla\.jdks\corretto-19.0.2\bin\extnet.dll
Event: 3.138 Loaded shared library C:\Users\nurla\.jdks\corretto-19.0.2\bin\sunmscapi.dll

Deoptimization events (20 events):
Event: 3.883 Thread 0x0000024bde5549e0 Uncommon trap: trap_request=0xffffff45 fr.pc=0x0000024bcd1a6ec0 relative=0x0000000000000600
Event: 3.883 Thread 0x0000024bde5549e0 Uncommon trap: reason=unstable_if action=reinterpret pc=0x0000024bcd1a6ec0 method=java.io.File.getName()Ljava/lang/String; @ 16 c2
Event: 3.883 Thread 0x0000024bde5549e0 DEOPT PACKING pc=0x0000024bcd1a6ec0 sp=0x0000007cb26fbc20
Event: 3.883 Thread 0x0000024bde5549e0 DEOPT UNPACKING pc=0x0000024bccbfa5a3 sp=0x0000007cb26fbbf0 mode 2
Event: 3.956 Thread 0x0000024bde5549e0 Uncommon trap: trap_request=0xffffff45 fr.pc=0x0000024bcd2216f8 relative=0x00000000000000d8
Event: 3.956 Thread 0x0000024bde5549e0 Uncommon trap: reason=unstable_if action=reinterpret pc=0x0000024bcd2216f8 method=java.util.HashMap.hash(Ljava/lang/Object;)I @ 1 c2
Event: 3.956 Thread 0x0000024bde5549e0 DEOPT PACKING pc=0x0000024bcd2216f8 sp=0x0000007cb26fca30
Event: 3.956 Thread 0x0000024bde5549e0 DEOPT UNPACKING pc=0x0000024bccbfa5a3 sp=0x0000007cb26fc970 mode 2
Event: 4.010 Thread 0x0000024bde5549e0 Uncommon trap: trap_request=0xffffff45 fr.pc=0x0000024bcd1e487c relative=0x00000000000007bc
Event: 4.010 Thread 0x0000024bde5549e0 Uncommon trap: reason=unstable_if action=reinterpret pc=0x0000024bcd1e487c method=java.util.ArrayList.grow(I)[Ljava/lang/Object; @ 17 c2
Event: 4.010 Thread 0x0000024bde5549e0 DEOPT PACKING pc=0x0000024bcd1e487c sp=0x0000007cb26fd5e0
Event: 4.010 Thread 0x0000024bde5549e0 DEOPT UNPACKING pc=0x0000024bccbfa5a3 sp=0x0000007cb26fd478 mode 2
Event: 4.062 Thread 0x0000024bde5549e0 Uncommon trap: trap_request=0xffffffcc fr.pc=0x0000024bcd24d86c relative=0x000000000000034c
Event: 4.062 Thread 0x0000024bde5549e0 Uncommon trap: reason=intrinsic_or_type_checked_inlining action=make_not_entrant pc=0x0000024bcd24d86c method=java.util.Arrays.copyOf([Ljava/lang/Object;ILjava/lang/Class;)[Ljava/lang/Object; @ 35 c2
Event: 4.062 Thread 0x0000024bde5549e0 DEOPT PACKING pc=0x0000024bcd24d86c sp=0x0000007cb26fcd00
Event: 4.062 Thread 0x0000024bde5549e0 DEOPT UNPACKING pc=0x0000024bccbfa5a3 sp=0x0000007cb26fcca8 mode 2
Event: 4.750 Thread 0x0000024bde5549e0 Uncommon trap: trap_request=0xffffff45 fr.pc=0x0000024bcd2330fc relative=0x00000000000001bc
Event: 4.750 Thread 0x0000024bde5549e0 Uncommon trap: reason=unstable_if action=reinterpret pc=0x0000024bcd2330fc method=java.util.HashMap.getNode(Ljava/lang/Object;)Ljava/util/HashMap$Node; @ 131 c2
Event: 4.750 Thread 0x0000024bde5549e0 DEOPT PACKING pc=0x0000024bcd2330fc sp=0x0000007cb26fba00
Event: 4.750 Thread 0x0000024bde5549e0 DEOPT UNPACKING pc=0x0000024bccbfa5a3 sp=0x0000007cb26fb920 mode 2

Classes loaded (20 events):
Event: 4.409 Loading class java/io/ObjectInputStream
Event: 4.411 Loading class java/io/ObjectInput
Event: 4.412 Loading class java/io/ObjectInput done
Event: 4.412 Loading class java/io/ObjectStreamConstants
Event: 4.412 Loading class java/io/ObjectStreamConstants done
Event: 4.412 Loading class java/io/ObjectInputStream done
Event: 4.413 Loading class java/io/ObjectOutputStream
Event: 4.414 Loading class java/io/ObjectOutput
Event: 4.414 Loading class java/io/ObjectOutput done
Event: 4.414 Loading class java/io/ObjectOutputStream done
Event: 4.626 Loading class javax/xml/parsers/ParserConfigurationException
Event: 4.627 Loading class javax/xml/parsers/ParserConfigurationException done
Event: 4.627 Loading class org/xml/sax/SAXException
Event: 4.627 Loading class org/xml/sax/SAXException done
Event: 4.628 Loading class javax/xml/xpath/XPathExpressionException
Event: 4.628 Loading class javax/xml/xpath/XPathException
Event: 4.628 Loading class javax/xml/xpath/XPathException done
Event: 4.628 Loading class javax/xml/xpath/XPathExpressionException done
Event: 4.628 Loading class org/xml/sax/ErrorHandler
Event: 4.628 Loading class org/xml/sax/ErrorHandler done

Classes unloaded (0 events):
No events

Classes redefined (0 events):
No events

Internal exceptions (20 events):
Event: 4.068 Thread 0x0000024bde5549e0 Exception <a 'java/lang/NoSuchMethodError'{0x00000000eb819220}: 'java.lang.Object java.lang.invoke.DirectMethodHandle$Holder.invokeStatic(java.lang.Object, java.lang.Object, java.lang.Object, java.lang.Object, java.lang.Object, java.lang.Object, java.lang.Object, java.lang.Object, java.lang.Object, java.lang.Object, java.lang.Object, java.lang.Object, java.lang.Object, java.lang.Object, java.lang.Object, java.lang.Object, java.lang.Object)'> (0x00000000eb819220) 
thrown [s\src\hotspot\share\interpreter\lin
Event: 4.070 Thread 0x0000024bde5549e0 Exception <a 'java/lang/NoSuchMethodError'{0x00000000eb841f28}: 'java.lang.Object java.lang.invoke.DirectMethodHandle$Holder.invokeStatic(java.lang.Object, java.lang.Object, java.lang.Object, java.lang.Object, java.lang.Object, java.lang.Object, java.lang.Object, java.lang.Object, java.lang.Object, java.lang.Object, java.lang.Object, java.lang.Object, java.lang.Object, java.lang.Object, java.lang.Object, java.lang.Object, java.lang.Object, java.lang.Object)'> (0x00000000eb841f28) 
thrown [s\src\hotspot\sha
Event: 4.072 Thread 0x0000024bde5549e0 Exception <a 'java/lang/NoSuchMethodError'{0x00000000eb86bf00}: 'java.lang.Object java.lang.invoke.DirectMethodHandle$Holder.invokeStatic(java.lang.Object, java.lang.Object, java.lang.Object, java.lang.Object, java.lang.Object, java.lang.Object, java.lang.Object, java.lang.Object, java.lang.Object, java.lang.Object, java.lang.Object, java.lang.Object, java.lang.Object, java.lang.Object, java.lang.Object, java.lang.Object, java.lang.Object, java.lang.Object, java.lang.Object)'> (0x00000000eb86bf00) 
thrown 
Event: 4.075 Thread 0x0000024bde5549e0 Exception <a 'java/lang/NoSuchMethodError'{0x00000000eb897618}: 'java.lang.Object java.lang.invoke.DirectMethodHandle$Holder.invokeStatic(java.lang.Object, java.lang.Object, java.lang.Object, java.lang.Object, java.lang.Object, java.lang.Object, java.lang.Object, java.lang.Object, java.lang.Object, java.lang.Object, java.lang.Object, java.lang.Object, java.lang.Object, java.lang.Object, java.lang.Object, java.lang.Object, java.lang.Object, java.lang.Object, java.lang.Object, java.lang.Object)'> (0x00000000
Event: 4.077 Thread 0x0000024bde5549e0 Exception <a 'java/lang/NoSuchMethodError'{0x00000000eb8c3c38}: 'java.lang.Object java.lang.invoke.DirectMethodHandle$Holder.invokeStatic(java.lang.Object, java.lang.Object, java.lang.Object, java.lang.Object, java.lang.Object, java.lang.Object, java.lang.Object, java.lang.Object, java.lang.Object, java.lang.Object, java.lang.Object, java.lang.Object, java.lang.Object, java.lang.Object, java.lang.Object, java.lang.Object, java.lang.Object, java.lang.Object, java.lang.Object, java.lang.Object, java.lang.Obj
Event: 4.079 Thread 0x0000024bde5549e0 Exception <a 'java/lang/NoSuchMethodError'{0x00000000eb8f12f0}: 'java.lang.Object java.lang.invoke.DirectMethodHandle$Holder.invokeStatic(java.lang.Object, java.lang.Object, java.lang.Object, java.lang.Object, java.lang.Object, java.lang.Object, java.lang.Object, java.lang.Object, java.lang.Object, java.lang.Object, java.lang.Object, java.lang.Object, java.lang.Object, java.lang.Object, java.lang.Object, java.lang.Object, java.lang.Object, java.lang.Object, java.lang.Object, java.lang.Object, java.lang.Obj
Event: 4.082 Thread 0x0000024bde5549e0 Exception <a 'java/lang/NoSuchMethodError'{0x00000000eb71f920}: 'java.lang.Object java.lang.invoke.DirectMethodHandle$Holder.invokeStatic(java.lang.Object, java.lang.Object, java.lang.Object, java.lang.Object, java.lang.Object, java.lang.Object, java.lang.Object, java.lang.Object, java.lang.Object, java.lang.Object, java.lang.Object, java.lang.Object, java.lang.Object, java.lang.Object, java.lang.Object, java.lang.Object, java.lang.Object, java.lang.Object, java.lang.Object, java.lang.Object, java.lang.Obj
Event: 4.085 Thread 0x0000024bde5549e0 Exception <a 'java/lang/NoSuchMethodError'{0x00000000eb74ea50}: 'java.lang.Object java.lang.invoke.DirectMethodHandle$Holder.invokeStatic(java.lang.Object, java.lang.Object, java.lang.Object, java.lang.Object, java.lang.Object, java.lang.Object, java.lang.Object, java.lang.Object, java.lang.Object, java.lang.Object, java.lang.Object, java.lang.Object, java.lang.Object, java.lang.Object, java.lang.Object, java.lang.Object, java.lang.Object, java.lang.Object, java.lang.Object, java.lang.Object, java.lang.Obj
Event: 4.088 Thread 0x0000024bde5549e0 Exception <a 'java/lang/NoSuchMethodError'{0x00000000eb77e710}: 'java.lang.Object java.lang.invoke.DirectMethodHandle$Holder.invokeStatic(java.lang.Object, java.lang.Object, java.lang.Object, java.lang.Object, java.lang.Object, java.lang.Object, java.lang.Object, java.lang.Object, java.lang.Object, java.lang.Object, java.lang.Object, java.lang.Object, java.lang.Object, java.lang.Object, java.lang.Object, java.lang.Object, java.lang.Object, java.lang.Object, java.lang.Object, java.lang.Object, java.lang.Obj
Event: 4.091 Thread 0x0000024bde5549e0 Exception <a 'java/lang/NoSuchMethodError'{0x00000000eb7afea0}: 'java.lang.Object java.lang.invoke.DirectMethodHandle$Holder.invokeStatic(java.lang.Object, java.lang.Object, java.lang.Object, java.lang.Object, java.lang.Object, java.lang.Object, java.lang.Object, java.lang.Object, java.lang.Object, java.lang.Object, java.lang.Object, java.lang.Object, java.lang.Object, java.lang.Object, java.lang.Object, java.lang.Object, java.lang.Object, java.lang.Object, java.lang.Object, java.lang.Object, java.lang.Obj
Event: 4.139 Thread 0x0000024bde5549e0 Exception <a 'java/lang/IncompatibleClassChangeError'{0x00000000eb6a1aa0}: Found class java.lang.Object, but interface was expected> (0x00000000eb6a1aa0) 
thrown [s\src\hotspot\share\interpreter\linkResolver.cpp, line 841]
Event: 4.374 Thread 0x0000024bde5549e0 Exception <a 'java/lang/IncompatibleClassChangeError'{0x00000000eadac9b0}: Found class java.lang.Object, but interface was expected> (0x00000000eadac9b0) 
thrown [s\src\hotspot\share\interpreter\linkResolver.cpp, line 841]
Event: 4.381 Thread 0x0000024bde5549e0 Exception <a 'java/lang/NoSuchMethodError'{0x00000000eaddb3b0}: 'java.lang.Object java.lang.invoke.DirectMethodHandle$Holder.newInvokeSpecial(java.lang.Object, java.lang.Object, java.lang.Object, java.lang.Object, java.lang.Object, java.lang.Object, java.lang.Object, java.lang.Object, java.lang.Object, java.lang.Object, java.lang.Object, java.lang.Object, java.lang.Object, java.lang.Object)'> (0x00000000eaddb3b0) 
thrown [s\src\hotspot\share\interpreter\linkResolver.cpp, line 774]
Event: 4.382 Thread 0x0000024bde5549e0 Exception <a 'java/lang/NoSuchMethodError'{0x00000000eade0d20}: 'java.lang.Object java.lang.invoke.DirectMethodHandle$Holder.invokeSpecial(java.lang.Object, java.lang.Object, java.lang.Object, java.lang.Object, java.lang.Object, java.lang.Object, java.lang.Object, java.lang.Object, java.lang.Object, java.lang.Object, java.lang.Object, java.lang.Object, java.lang.Object, java.lang.Object, java.lang.Object)'> (0x00000000eade0d20) 
thrown [s\src\hotspot\share\interpreter\linkResolver.cpp, line 774]
Event: 4.382 Thread 0x0000024bde5549e0 Exception <a 'java/lang/NoSuchMethodError'{0x00000000eade58f0}: 'java.lang.Object java.lang.invoke.DelegatingMethodHandle$Holder.reinvoke_L(java.lang.Object, java.lang.Object, java.lang.Object, java.lang.Object, java.lang.Object, java.lang.Object, java.lang.Object, java.lang.Object, java.lang.Object, java.lang.Object, java.lang.Object, java.lang.Object, java.lang.Object, java.lang.Object)'> (0x00000000eade58f0) 
thrown [s\src\hotspot\share\interpreter\linkResolver.cpp, line 774]
Event: 4.427 Thread 0x0000024bde5549e0 Exception <a 'java/lang/NoSuchMethodError'{0x00000000eab2c1d0}: 'java.lang.Object java.lang.invoke.DirectMethodHandle$Holder.newInvokeSpecial(java.lang.Object, java.lang.Object, java.lang.Object, java.lang.Object, java.lang.Object, java.lang.Object, java.lang.Object)'> (0x00000000eab2c1d0) 
thrown [s\src\hotspot\share\interpreter\linkResolver.cpp, line 774]
Event: 4.444 Thread 0x0000024bde5549e0 Exception <a 'java/lang/NoSuchMethodError'{0x00000000eababee0}: 'java.lang.Object java.lang.invoke.DirectMethodHandle$Holder.invokeVirtual(java.lang.Object, java.lang.Object, java.lang.Object, java.lang.Object, java.lang.Object, java.lang.Object, java.lang.Object, java.lang.Object, java.lang.Object, java.lang.Object, java.lang.Object, java.lang.Object, java.lang.Object, java.lang.Object, java.lang.Object, java.lang.Object, java.lang.Object, java.lang.Object, java.lang.Object, java.lang.Object, java.lang.Ob
Event: 4.444 Thread 0x0000024bde5549e0 Exception <a 'java/lang/NoSuchMethodError'{0x00000000eabb2608}: 'java.lang.Object java.lang.invoke.DirectMethodHandle$Holder.invokeSpecial(java.lang.Object, java.lang.Object, java.lang.Object, java.lang.Object, java.lang.Object, java.lang.Object, java.lang.Object, java.lang.Object, java.lang.Object, java.lang.Object, java.lang.Object, java.lang.Object, java.lang.Object, java.lang.Object, java.lang.Object, java.lang.Object, java.lang.Object, java.lang.Object, java.lang.Object, java.lang.Object, java.lang.Ob
Event: 4.445 Thread 0x0000024bde5549e0 Exception <a 'java/lang/NoSuchMethodError'{0x00000000eabb82a0}: 'java.lang.Object java.lang.invoke.DelegatingMethodHandle$Holder.reinvoke_L(java.lang.Object, java.lang.Object, java.lang.Object, java.lang.Object, java.lang.Object, java.lang.Object, java.lang.Object, java.lang.Object, java.lang.Object, java.lang.Object, java.lang.Object, java.lang.Object, java.lang.Object, java.lang.Object, java.lang.Object, java.lang.Object, java.lang.Object, java.lang.Object, java.lang.Object, java.lang.Object, java.lang.O
Event: 4.535 Thread 0x0000024bde5549e0 Exception <a 'java/lang/NoSuchMethodError'{0x00000000ea647480}: 'java.lang.Object java.lang.invoke.DirectMethodHandle$Holder.invokeSpecial(java.lang.Object, java.lang.Object, java.lang.Object, java.lang.Object, java.lang.Object, java.lang.Object, java.lang.Object, java.lang.Object, java.lang.Object, java.lang.Object, java.lang.Object, java.lang.Object, java.lang.Object, java.lang.Object, java.lang.Object, java.lang.Object, java.lang.Object, java.lang.Object, java.lang.Object, java.lang.Object, java.lang.Ob

VM Operations (20 events):
Event: 2.662 Executing VM operation: HandshakeAllThreads
Event: 2.662 Executing VM operation: HandshakeAllThreads done
Event: 3.116 Executing VM operation: HandshakeAllThreads
Event: 3.116 Executing VM operation: HandshakeAllThreads done
Event: 3.116 Executing VM operation: Cleanup
Event: 3.117 Executing VM operation: Cleanup done
Event: 3.540 Executing VM operation: HandshakeAllThreads
Event: 3.540 Executing VM operation: HandshakeAllThreads done
Event: 3.747 Executing VM operation: HandshakeAllThreads
Event: 3.747 Executing VM operation: HandshakeAllThreads done
Event: 3.890 Executing VM operation: HandshakeAllThreads
Event: 3.890 Executing VM operation: HandshakeAllThreads done
Event: 3.890 Executing VM operation: HandshakeAllThreads
Event: 3.890 Executing VM operation: HandshakeAllThreads done
Event: 4.100 Executing VM operation: HandshakeAllThreads
Event: 4.100 Executing VM operation: HandshakeAllThreads done
Event: 4.101 Executing VM operation: HandshakeAllThreads
Event: 4.101 Executing VM operation: HandshakeAllThreads done
Event: 4.140 Executing VM operation: ICBufferFull
Event: 4.143 Executing VM operation: ICBufferFull done

Events (20 events):
Event: 0.037 Thread 0x0000024bdc866d00 Thread added: 0x0000024bdc866d00
Event: 0.037 Thread 0x0000024bdc821e00 Thread added: 0x0000024bdc821e00
Event: 0.089 Thread 0x0000024bdc8228a0 Thread added: 0x0000024bdc8228a0
Event: 0.195 Thread 0x0000024bdc820370 Thread added: 0x0000024bdc820370
Event: 0.501 Thread 0x0000024bdc865130 Thread added: 0x0000024bdc865130
Event: 0.522 Thread 0x0000024bdc867290 Thread added: 0x0000024bdc867290
Event: 1.611 Thread 0x0000024bdc867290 Thread exited: 0x0000024bdc867290
Event: 2.444 Thread 0x0000024bdc8208c0 Thread added: 0x0000024bdc8208c0
Event: 2.979 Thread 0x0000024bdc8218b0 Thread added: 0x0000024bdc8218b0
Event: 3.070 Thread 0x0000024bdc822df0 Thread added: 0x0000024bdc822df0
Event: 3.163 Thread 0x0000024bdc820e10 Thread added: 0x0000024bdc820e10
Event: 3.166 Thread 0x0000024bdc823340 Thread added: 0x0000024bdc823340
Event: 3.201 Thread 0x0000024bdc81fe20 Thread added: 0x0000024bdc81fe20
Event: 3.211 Thread 0x0000024bde5549e0 Thread added: 0x0000024bde5549e0
Event: 3.228 Thread 0x0000024bde5569c0 Thread added: 0x0000024bde5569c0
Event: 3.233 Thread 0x0000024bde554f30 Thread added: 0x0000024bde554f30
Event: 3.237 Thread 0x0000024bde556470 Thread added: 0x0000024bde556470
Event: 3.748 Thread 0x0000024bde555480 Thread added: 0x0000024bde555480
Event: 3.767 Thread 0x0000024bde5559d0 Thread added: 0x0000024bde5559d0
Event: 3.834 Thread 0x0000024bde556f10 Thread added: 0x0000024bde556f10


Dynamic libraries:
0x00007ff79f930000 - 0x00007ff79f93d000 	C:\Users\nurla\.jdks\corretto-19.0.2\bin\java.exe
0x00007ff8a8a60000 - 0x00007ff8a8cc8000 	C:\WINDOWS\SYSTEM32\ntdll.dll
0x00007ff8a7680000 - 0x00007ff8a7749000 	C:\WINDOWS\System32\KERNEL32.DLL
0x00007ff8a62a0000 - 0x00007ff8a668d000 	C:\WINDOWS\System32\KERNELBASE.dll
0x00007ff8a5dd0000 - 0x00007ff8a5f1b000 	C:\WINDOWS\System32\ucrtbase.dll
0x00007ff866570000 - 0x00007ff866585000 	C:\Users\nurla\.jdks\corretto-19.0.2\bin\VCRUNTIME140.dll
0x00007ff866590000 - 0x00007ff8665a7000 	C:\Users\nurla\.jdks\corretto-19.0.2\bin\jli.dll
0x00007ff8a6870000 - 0x00007ff8a6a3c000 	C:\WINDOWS\System32\USER32.dll
0x00007ff88e1e0000 - 0x00007ff88e47a000 	C:\WINDOWS\WinSxS\amd64_microsoft.windows.common-controls_6595b64144ccf1df_6.0.26100.4484_none_3e0e6d4ce32ef3b3\COMCTL32.dll
0x00007ff8a67d0000 - 0x00007ff8a67f7000 	C:\WINDOWS\System32\win32u.dll
0x00007ff8a6d50000 - 0x00007ff8a6d7b000 	C:\WINDOWS\System32\GDI32.dll
0x00007ff8a6d80000 - 0x00007ff8a6e29000 	C:\WINDOWS\System32\msvcrt.dll
0x00007ff8a5f20000 - 0x00007ff8a6057000 	C:\WINDOWS\System32\gdi32full.dll
0x00007ff8a6690000 - 0x00007ff8a6733000 	C:\WINDOWS\System32\msvcp_win.dll
0x00007ff8a6d10000 - 0x00007ff8a6d3f000 	C:\WINDOWS\System32\IMM32.DLL
0x00007ff864f40000 - 0x00007ff864fdb000 	C:\Users\nurla\.jdks\corretto-19.0.2\bin\msvcp140.dll
0x00007ff802690000 - 0x00007ff803369000 	C:\Users\nurla\.jdks\corretto-19.0.2\bin\server\jvm.dll
0x00007ff8a71c0000 - 0x00007ff8a7274000 	C:\WINDOWS\System32\ADVAPI32.dll
0x00007ff8a7280000 - 0x00007ff8a7326000 	C:\WINDOWS\System32\sechost.dll
0x00007ff8a6bf0000 - 0x00007ff8a6d08000 	C:\WINDOWS\System32\RPCRT4.dll
0x00007ff888480000 - 0x00007ff88848a000 	C:\WINDOWS\SYSTEM32\WSOCK32.dll
0x00007ff88b550000 - 0x00007ff88b585000 	C:\WINDOWS\SYSTEM32\WINMM.dll
0x00007ff894db0000 - 0x00007ff894dbb000 	C:\WINDOWS\SYSTEM32\VERSION.dll
0x00007ff8a7bd0000 - 0x00007ff8a7c44000 	C:\WINDOWS\System32\WS2_32.dll
0x00007ff8a4950000 - 0x00007ff8a496b000 	C:\WINDOWS\SYSTEM32\kernel.appcore.dll
0x00007ff89d410000 - 0x00007ff89d41a000 	C:\Users\nurla\.jdks\corretto-19.0.2\bin\jimage.dll
0x00007ff8a32f0000 - 0x00007ff8a3531000 	C:\WINDOWS\SYSTEM32\DBGHELP.DLL
0x00007ff8a7840000 - 0x00007ff8a7bc6000 	C:\WINDOWS\System32\combase.dll
0x00007ff8a6ee0000 - 0x00007ff8a6fc0000 	C:\WINDOWS\System32\OLEAUT32.dll
0x00007ff87c510000 - 0x00007ff87c553000 	C:\WINDOWS\SYSTEM32\dbgcore.DLL
0x00007ff8a5d30000 - 0x00007ff8a5dc9000 	C:\WINDOWS\System32\bcryptPrimitives.dll
0x00007ff88f500000 - 0x00007ff88f50e000 	C:\Users\nurla\.jdks\corretto-19.0.2\bin\instrument.dll
0x00007ff866140000 - 0x00007ff866166000 	C:\Users\nurla\.jdks\corretto-19.0.2\bin\java.dll
0x00007ff836b20000 - 0x00007ff836bf6000 	C:\Users\nurla\.jdks\corretto-19.0.2\bin\jsvml.dll
0x00007ff8a7c50000 - 0x00007ff8a839a000 	C:\WINDOWS\System32\SHELL32.dll
0x00007ff8a5bb0000 - 0x00007ff8a5d24000 	C:\WINDOWS\System32\wintypes.dll
0x00007ff8a37d0000 - 0x00007ff8a402b000 	C:\WINDOWS\SYSTEM32\windows.storage.dll
0x00007ff8a7570000 - 0x00007ff8a7665000 	C:\WINDOWS\System32\SHCORE.dll
0x00007ff8a6800000 - 0x00007ff8a686a000 	C:\WINDOWS\System32\shlwapi.dll
0x00007ff8a5ac0000 - 0x00007ff8a5aef000 	C:\WINDOWS\SYSTEM32\profapi.dll
0x00007ff866550000 - 0x00007ff866568000 	C:\Users\nurla\.jdks\corretto-19.0.2\bin\zip.dll
0x00007ff866120000 - 0x00007ff866133000 	C:\Users\nurla\.jdks\corretto-19.0.2\bin\net.dll
0x00007ff89c140000 - 0x00007ff89c25e000 	C:\WINDOWS\SYSTEM32\WINHTTP.dll
0x00007ff8a4ee0000 - 0x00007ff8a4f4a000 	C:\WINDOWS\system32\mswsock.dll
0x00007ff866100000 - 0x00007ff866115000 	C:\Users\nurla\.jdks\corretto-19.0.2\bin\nio.dll
0x00007ff87c6f0000 - 0x00007ff87c700000 	C:\Users\nurla\.jdks\corretto-19.0.2\bin\verify.dll
0x00007ff866d00000 - 0x00007ff866d27000 	C:\Users\nurla\.gradle\native\c067742578af261105cb4f569cf0c3c89f3d7b1fecec35dd04571415982c5e48\windows-amd64\native-platform.dll
0x00007ff8360a0000 - 0x00007ff8361e4000 	C:\Users\nurla\.gradle\native\38dada09dfb8b06ba9b0570ebf7e218e3eb74d4ef43ca46872605cf95ebc2f47\windows-amd64\native-platform-file-events.dll
0x00007ff8660f0000 - 0x00007ff8660f9000 	C:\Users\nurla\.jdks\corretto-19.0.2\bin\management.dll
0x00007ff8660c0000 - 0x00007ff8660cb000 	C:\Users\nurla\.jdks\corretto-19.0.2\bin\management_ext.dll
0x00007ff8a7670000 - 0x00007ff8a7678000 	C:\WINDOWS\System32\PSAPI.DLL
0x00007ff8a5190000 - 0x00007ff8a51ab000 	C:\WINDOWS\SYSTEM32\CRYPTSP.dll
0x00007ff8a48b0000 - 0x00007ff8a48eb000 	C:\WINDOWS\system32\rsaenh.dll
0x00007ff8a4f80000 - 0x00007ff8a4fab000 	C:\WINDOWS\SYSTEM32\USERENV.dll
0x00007ff8a5a90000 - 0x00007ff8a5ab6000 	C:\WINDOWS\SYSTEM32\bcrypt.dll
0x00007ff8a51b0000 - 0x00007ff8a51bc000 	C:\WINDOWS\SYSTEM32\CRYPTBASE.dll
0x00007ff8a4390000 - 0x00007ff8a43c3000 	C:\WINDOWS\SYSTEM32\IPHLPAPI.DLL
0x00007ff8a7830000 - 0x00007ff8a783a000 	C:\WINDOWS\System32\NSI.dll
0x00007ff89c300000 - 0x00007ff89c31f000 	C:\WINDOWS\SYSTEM32\dhcpcsvc6.DLL
0x00007ff89c2d0000 - 0x00007ff89c2f5000 	C:\WINDOWS\SYSTEM32\dhcpcsvc.DLL
0x00007ff8a4430000 - 0x00007ff8a4556000 	C:\WINDOWS\SYSTEM32\DNSAPI.dll
0x00007ff8660b0000 - 0x00007ff8660b8000 	C:\Users\nurla\.jdks\corretto-19.0.2\bin\extnet.dll
0x00007ff8660a0000 - 0x00007ff8660ae000 	C:\Users\nurla\.jdks\corretto-19.0.2\bin\sunmscapi.dll
0x00007ff8a6060000 - 0x00007ff8a61d7000 	C:\WINDOWS\System32\CRYPT32.dll
0x00007ff8a5330000 - 0x00007ff8a5360000 	C:\WINDOWS\SYSTEM32\ncrypt.dll
0x00007ff8a52e0000 - 0x00007ff8a531f000 	C:\WINDOWS\SYSTEM32\NTASN1.dll
0x00007ff89f520000 - 0x00007ff89f528000 	C:\WINDOWS\system32\wshunix.dll

dbghelp: loaded successfully - version: 4.0.5 - missing functions: none
symbol engine: initialized successfully - sym options: 0x614 - pdb path: .;C:\Users\nurla\.jdks\corretto-19.0.2\bin;C:\WINDOWS\SYSTEM32;C:\WINDOWS\WinSxS\amd64_microsoft.windows.common-controls_6595b64144ccf1df_6.0.26100.4484_none_3e0e6d4ce32ef3b3;C:\Users\nurla\.jdks\corretto-19.0.2\bin\server;C:\Users\nurla\.gradle\native\c067742578af261105cb4f569cf0c3c89f3d7b1fecec35dd04571415982c5e48\windows-amd64;C:\Users\nurla\.gradle\native\38dada09dfb8b06ba9b0570ebf7e218e3eb74d4ef43ca46872605cf95ebc2f47\windows-amd64

VM Arguments:
jvm_args: --add-opens=java.base/java.util=ALL-UNNAMED --add-opens=java.base/java.lang=ALL-UNNAMED --add-opens=java.base/java.lang.invoke=ALL-UNNAMED --add-opens=java.prefs/java.util.prefs=ALL-UNNAMED --add-opens=java.base/java.nio.charset=ALL-UNNAMED --add-opens=java.base/java.net=ALL-UNNAMED --add-opens=java.base/java.util.concurrent.atomic=ALL-UNNAMED -XX:MaxMetaspaceSize=384m -XX:+HeapDumpOnOutOfMemoryError -Xms256m -Xmx512m -Dfile.encoding=windows-1252 -Duser.country=GB -Duser.language=en -Duser.variant -javaagent:C:\Users\nurla\.gradle\wrapper\dists\gradle-8.7-bin\bhs2wmbdwecv87pi65oeuq5iu\gradle-8.7\lib\agents\gradle-instrumentation-agent-8.7.jar 
java_command: org.gradle.launcher.daemon.bootstrap.GradleDaemon 8.7
java_class_path (initial): C:\Users\nurla\.gradle\wrapper\dists\gradle-8.7-bin\bhs2wmbdwecv87pi65oeuq5iu\gradle-8.7\lib\gradle-launcher-8.7.jar
Launcher Type: SUN_STANDARD

[Global flags]
     intx CICompilerCount                          = 4                                         {product} {ergonomic}
   size_t CompressedClassSpaceSize                 = 322961408                                 {product} {ergonomic}
     uint ConcGCThreads                            = 2                                         {product} {ergonomic}
     uint G1ConcRefinementThreads                  = 8                                         {product} {ergonomic}
   size_t G1HeapRegionSize                         = 1048576                                   {product} {ergonomic}
    uintx GCDrainStackTargetSize                   = 64                                        {product} {ergonomic}
     bool HeapDumpOnOutOfMemoryError               = true                                   {manageable} {command line}
   size_t InitialHeapSize                          = 268435456                                 {product} {command line}
   size_t MarkStackSize                            = 4194304                                   {product} {ergonomic}
   size_t MaxHeapSize                              = 536870912                                 {product} {command line}
   size_t MaxMetaspaceSize                         = 402653184                                 {product} {command line}
   size_t MaxNewSize                               = 321912832                                 {product} {ergonomic}
   size_t MinHeapDeltaBytes                        = 1048576                                   {product} {ergonomic}
   size_t MinHeapSize                              = 268435456                                 {product} {command line}
    uintx NonNMethodCodeHeapSize                   = 5839372                                {pd product} {ergonomic}
    uintx NonProfiledCodeHeapSize                  = 122909434                              {pd product} {ergonomic}
    uintx ProfiledCodeHeapSize                     = 122909434                              {pd product} {ergonomic}
    uintx ReservedCodeCacheSize                    = 251658240                              {pd product} {ergonomic}
     bool SegmentedCodeCache                       = true                                      {product} {ergonomic}
   size_t SoftMaxHeapSize                          = 536870912                              {manageable} {ergonomic}
     bool UseCompressedClassPointers               = true                           {product lp64_product} {ergonomic}
     bool UseCompressedOops                        = true                           {product lp64_product} {ergonomic}
     bool UseG1GC                                  = true                                      {product} {ergonomic}
     bool UseLargePagesIndividualAllocation        = false                                  {pd product} {ergonomic}

Logging:
Log output configuration:
 #0: stdout all=warning uptime,level,tags foldmultilines=false
 #1: stderr all=off uptime,level,tags foldmultilines=false

Environment Variables:
PATH=C:\WINDOWS\system32;C:\WINDOWS;C:\WINDOWS\System32\Wbem;C:\WINDOWS\System32\WindowsPowerShell\v1.0\;C:\WINDOWS\System32\OpenSSH\;C:\Program Files\Git\cmd;C:\ProgramData\chocolatey\bin;C:\Program Files\nodejs\;C:\Program Files\Java\jdk-21\bin;C:\Program Files\Docker\Docker\resources\bin;C:\Program Files\OpenSSL-Win64\bin;C:\Users\nurla\AppData\Local\Programs\Python\Launcher\;C:\Users\nurla\AppData\Local\Microsoft\WindowsApps;C:\Users\nurla\AppData\Local\Google\Cloud SDK\google-cloud-sdk\bin;C:\Users\nurla\AppData\Roaming\npm;C:\Users\nurla\AppData\Local\Programs\Microsoft VS Code\bin;C:\Program Files\OpenSSL-Win64\bin;
USERNAME=nurla
OS=Windows_NT
PROCESSOR_IDENTIFIER=Intel64 Family 6 Model 126 Stepping 5, GenuineIntel
TMP=C:\Users\nurla\AppData\Local\Temp
TEMP=C:\Users\nurla\AppData\Local\Temp



---------------  S Y S T E M  ---------------

OS:
 Windows 11 , 64 bit Build 26100 (10.0.26100.4484)
OS uptime: 0 days 0:20 hours
Hyper-V role detected

CPU: total 8 (initial active 8) (4 cores per cpu, 2 threads per core) family 6 model 126 stepping 5 microcode 0xa0, cx8, cmov, fxsr, ht, mmx, 3dnowpref, sse, sse2, sse3, ssse3, sse4.1, sse4.2, popcnt, lzcnt, tsc, tscinvbit, avx, avx2, aes, erms, clmul, bmi1, bmi2, adx, avx512f, avx512dq, avx512cd, avx512bw, avx512vl, sha, fma, vzeroupper, avx512_vpopcntdq, avx512_vpclmulqdq, avx512_vaes, avx512_vnni, clflush, clflushopt, avx512_vbmi2, avx512_vbmi, hv, rdtscp, rdpid, fsrm, gfni, avx512_bitalg

Memory: 4k page, system-wide physical 7948M (450M free)
TotalPageFile size 15664M (AvailPageFile size 5M)
current process WorkingSet (physical memory assigned to process): 234M, peak: 234M
current process commit charge ("private bytes"): 433M, peak: 435M

vm_info: OpenJDK 64-Bit Server VM (19.0.2+7-FR) for windows-amd64 JRE (19.0.2+7-FR), built on Jan 13 2023 22:53:32 by "Administrator" with MS VC++ 15.9 (VS2017)

END.
